\BOOKMARK [0][-]{chapter.1}{SYNOPSIS}{}% 1
\BOOKMARK [1][-]{section.1.1}{PROJECT TITLE}{chapter.1}% 2
\BOOKMARK [1][-]{section.1.2}{PROJECT OPTION}{chapter.1}% 3
\BOOKMARK [1][-]{section.1.3}{INTERNAL GUIDE}{chapter.1}% 4
\BOOKMARK [1][-]{section.1.4}{SPONSORSHIP AND EXTERNAL GUIDE}{chapter.1}% 5
\BOOKMARK [1][-]{section.1.5}{TECHNICAL KEYWORDS}{chapter.1}% 6
\BOOKMARK [1][-]{section.1.6}{PROBLEM STATEMENT}{chapter.1}% 7
\BOOKMARK [1][-]{section.1.7}{ABSTRACT}{chapter.1}% 8
\BOOKMARK [1][-]{section.1.8}{GOALS AND OBJECTIVES}{chapter.1}% 9
\BOOKMARK [1][-]{section.1.9}{RELEVANT MATHEMATICS ASSOCIATED WITH THE PROJECT}{chapter.1}% 10
\BOOKMARK [2][-]{subsection.1.9.1}{MATHEMATICAL MODEL}{section.1.9}% 11
\BOOKMARK [1][-]{section.1.10}{NAMES OF CONFERENCES / JOURNALS WHERE PAPERS CAN BE PUBLISHED}{chapter.1}% 12
\BOOKMARK [1][-]{section.1.11}{PLAN OF PROJECT EXECUTION}{chapter.1}% 13
\BOOKMARK [0][-]{chapter.2}{TECHNICAL KEYWORDS}{}% 14
\BOOKMARK [1][-]{section.2.1}{AREA OF PROJECT}{chapter.2}% 15
\BOOKMARK [1][-]{section.2.2}{TECHNICAL KEYWORDS}{chapter.2}% 16
\BOOKMARK [0][-]{chapter.3}{INTRODUCTION}{}% 17
\BOOKMARK [1][-]{section.3.1}{PROJECT IDEA}{chapter.3}% 18
\BOOKMARK [1][-]{section.3.2}{MOTIVATION OF THE PROJECT}{chapter.3}% 19
\BOOKMARK [1][-]{section.3.3}{LITERATURE SURVEY}{chapter.3}% 20
\BOOKMARK [0][-]{chapter.4}{PROBLEM DEFINITION AND SCOPE}{}% 21
\BOOKMARK [1][-]{section.4.1}{PROBLEM STATEMENT}{chapter.4}% 22
\BOOKMARK [2][-]{subsection.4.1.1}{Goals and Objectives}{section.4.1}% 23
\BOOKMARK [2][-]{subsection.4.1.2}{Statement of Scope}{section.4.1}% 24
\BOOKMARK [0][-]{chapter.5}{SYSTEM ARCHITECTURE AND REQUIREMENTS}{}% 25
\BOOKMARK [1][-]{section.5.1}{HARDWARE RESOURCES REQUIRED}{chapter.5}% 26
\BOOKMARK [1][-]{section.5.2}{SOFTWARE RESOURCES REQUIRED}{chapter.5}% 27
\BOOKMARK [1][-]{section.5.3}{SYSTEM ARCHITECTURE}{chapter.5}% 28
\BOOKMARK [0][-]{chapter.6}{Feasibility study}{}% 29
\BOOKMARK [1][-]{section.6.1}{Technical feasibility}{chapter.6}% 30
\BOOKMARK [2][-]{subsection.6.1.1}{Hardware feasibility}{section.6.1}% 31
\BOOKMARK [2][-]{subsection.6.1.2}{Software feasibility}{section.6.1}% 32
\BOOKMARK [1][-]{section.6.2}{Economical feasibility}{chapter.6}% 33
\BOOKMARK [1][-]{section.6.3}{Schedule feasibility}{chapter.6}% 34
\BOOKMARK [1][-]{section.6.4}{Operational feasibility}{chapter.6}% 35
\BOOKMARK [0][-]{chapter.7}{Design}{}% 36
\BOOKMARK [1][-]{section.7.1}{UML modeling}{chapter.7}% 37
\BOOKMARK [2][-]{subsection.7.1.1}{Goals of UML:}{section.7.1}% 38
\BOOKMARK [2][-]{subsection.7.1.2}{UML diagrams for the project:}{section.7.1}% 39
