\BOOKMARK [0][-]{chapter.1}{SYNOPSIS}{}% 1
\BOOKMARK [1][-]{section.1.1}{PROJECT TITLE}{chapter.1}% 2
\BOOKMARK [1][-]{section.1.2}{PROJECT OPTION}{chapter.1}% 3
\BOOKMARK [1][-]{section.1.3}{INTERNAL GUIDE}{chapter.1}% 4
\BOOKMARK [1][-]{section.1.4}{SPONSORSHIP AND EXTERNAL GUIDE}{chapter.1}% 5
\BOOKMARK [1][-]{section.1.5}{TECHNICAL KEYWORDS}{chapter.1}% 6
\BOOKMARK [1][-]{section.1.6}{PROBLEM STATEMENT}{chapter.1}% 7
\BOOKMARK [1][-]{section.1.7}{ABSTRACT}{chapter.1}% 8
\BOOKMARK [1][-]{section.1.8}{GOALS AND OBJECTIVES}{chapter.1}% 9
\BOOKMARK [1][-]{section.1.9}{RELEVANT MATHEMATICS ASSOCIATED WITH THE PROJECT}{chapter.1}% 10
\BOOKMARK [2][-]{subsection.1.9.1}{MATHEMATICAL MODEL}{section.1.9}% 11
\BOOKMARK [1][-]{section.1.10}{NAMES OF CONFERENCES / JOURNALS WHERE PAPERS CAN BE PUBLISHED}{chapter.1}% 12
\BOOKMARK [1][-]{section.1.11}{PLAN OF PROJECT EXECUTION}{chapter.1}% 13
\BOOKMARK [0][-]{chapter.2}{TECHNICAL KEYWORDS}{}% 14
\BOOKMARK [1][-]{section.2.1}{AREA OF PROJECT}{chapter.2}% 15
\BOOKMARK [1][-]{section.2.2}{TECHNICAL KEYWORDS}{chapter.2}% 16
\BOOKMARK [0][-]{chapter.3}{INTRODUCTION}{}% 17
\BOOKMARK [1][-]{section.3.1}{PROJECT IDEA}{chapter.3}% 18
\BOOKMARK [1][-]{section.3.2}{MOTIVATION OF THE PROJECT}{chapter.3}% 19
\BOOKMARK [1][-]{section.3.3}{LITERATURE SURVEY}{chapter.3}% 20
\BOOKMARK [0][-]{chapter.4}{PROBLEM DEFINITION AND SCOPE}{}% 21
\BOOKMARK [1][-]{section.4.1}{PROBLEM STATEMENT}{chapter.4}% 22
\BOOKMARK [2][-]{subsection.4.1.1}{Goals and Objectives}{section.4.1}% 23
\BOOKMARK [2][-]{subsection.4.1.2}{Statement of Scope}{section.4.1}% 24
\BOOKMARK [1][-]{section.4.2}{MAJOR CONSTRAINTS}{chapter.4}% 25
\BOOKMARK [1][-]{section.4.3}{METHODOLOGIES OF PROBLEM SOLVING AND EFFICIENCY ISSUES}{chapter.4}% 26
\BOOKMARK [1][-]{section.4.4}{OUTCOME}{chapter.4}% 27
\BOOKMARK [1][-]{section.4.5}{HARDWARE RESOURCES REQUIRED}{chapter.4}% 28
\BOOKMARK [1][-]{section.4.6}{SOFTWARE RESOURCES REQUIRED}{chapter.4}% 29
\BOOKMARK [0][-]{chapter.5}{PROJECT PLAN}{}% 30
\BOOKMARK [1][-]{section.5.1}{PROJECT ESTIMATES}{chapter.5}% 31
\BOOKMARK [2][-]{subsection.5.1.1}{Reconciled Estimates}{section.5.1}% 32
\BOOKMARK [2][-]{subsection.5.1.2}{Project Resources}{section.5.1}% 33
\BOOKMARK [1][-]{section.5.2}{RISK MANAGEMENT W.R.T. NP HARD ANALYSIS}{chapter.5}% 34
\BOOKMARK [2][-]{subsection.5.2.1}{Risk Identification}{section.5.2}% 35
\BOOKMARK [2][-]{subsection.5.2.2}{Risk Analysis}{section.5.2}% 36
\BOOKMARK [2][-]{subsection.5.2.3}{Overview of Risk Mitigation, Monitoring, Management}{section.5.2}% 37
\BOOKMARK [1][-]{section.5.3}{PROJECT SCHEDULE}{chapter.5}% 38
\BOOKMARK [2][-]{subsection.5.3.1}{Project task set}{section.5.3}% 39
\BOOKMARK [2][-]{subsection.5.3.2}{Task network}{section.5.3}% 40
\BOOKMARK [2][-]{subsection.5.3.3}{Timeline Chart}{section.5.3}% 41
\BOOKMARK [1][-]{section.5.4}{Team Organization}{chapter.5}% 42
\BOOKMARK [2][-]{subsection.5.4.1}{Team structure}{section.5.4}% 43
\BOOKMARK [2][-]{subsection.5.4.2}{Management reporting and communication}{section.5.4}% 44
\BOOKMARK [0][-]{chapter.6}{SOFTWARE REQUIREMENT SPECIFICATION}{}% 45
\BOOKMARK [1][-]{section.6.1}{INTRODUCTION}{chapter.6}% 46
\BOOKMARK [2][-]{subsection.6.1.1}{Purpose and Scope of Document}{section.6.1}% 47
\BOOKMARK [2][-]{subsection.6.1.2}{Overview of responsibilities of Developer}{section.6.1}% 48
\BOOKMARK [1][-]{section.6.2}{USAGE SCENARIOS}{chapter.6}% 49
\BOOKMARK [2][-]{subsection.6.2.1}{User profiles}{section.6.2}% 50
\BOOKMARK [2][-]{subsection.6.2.2}{Use cases}{section.6.2}% 51
\BOOKMARK [2][-]{subsection.6.2.3}{Use case view}{section.6.2}% 52
\BOOKMARK [1][-]{section.6.3}{FUNCTIONAL MODEL AND DESCRIPTION}{chapter.6}% 53
\BOOKMARK [2][-]{subsection.6.3.1}{Data Flow Diagram}{section.6.3}% 54
\BOOKMARK [2][-]{subsection.6.3.2}{Activity Diagram}{section.6.3}% 55
\BOOKMARK [2][-]{subsection.6.3.3}{Non Functional Requirements}{section.6.3}% 56
\BOOKMARK [2][-]{subsection.6.3.4}{State Diagram}{section.6.3}% 57
\BOOKMARK [2][-]{subsection.6.3.5}{Design Constraints}{section.6.3}% 58
\BOOKMARK [2][-]{subsection.6.3.6}{Software Interface Description}{section.6.3}% 59
\BOOKMARK [0][-]{chapter.7}{DETAILED DESIGN DOCUMENT USING APPENDIX A AND B}{}% 60
\BOOKMARK [1][-]{section.7.1}{INTRODUCTION}{chapter.7}% 61
\BOOKMARK [2][-]{subsection.7.1.1}{Purpose}{section.7.1}% 62
\BOOKMARK [2][-]{subsection.7.1.2}{Scope}{section.7.1}% 63
\BOOKMARK [2][-]{subsection.7.1.3}{ Definitions, Acronyms, Abbreviations}{section.7.1}% 64
\BOOKMARK [1][-]{section.7.2}{ARCHITECTURAL DESIGN}{chapter.7}% 65
\BOOKMARK [2][-]{subsection.7.2.1}{Bluetooth Low Energy:}{section.7.2}% 66
\BOOKMARK [2][-]{subsection.7.2.2}{Bluetooth GATT\(Software Model\):}{section.7.2}% 67
\BOOKMARK [2][-]{subsection.7.2.3}{Services:}{section.7.2}% 68
\BOOKMARK [2][-]{subsection.7.2.4}{Activities :}{section.7.2}% 69
\BOOKMARK [2][-]{subsection.7.2.5}{Telephony Manager :}{section.7.2}% 70
\BOOKMARK [2][-]{subsection.7.2.6}{Broadcast Manager:}{section.7.2}% 71
\BOOKMARK [1][-]{section.7.3}{COMPONENT DESIGN}{chapter.7}% 72
\BOOKMARK [2][-]{subsection.7.3.1}{Class Diagram}{section.7.3}% 73
\BOOKMARK [0][-]{chapter.8}{PROJECT IMPLEMENTATION}{}% 74
\BOOKMARK [1][-]{section.8.1}{INTRODUCTION}{chapter.8}% 75
\BOOKMARK [1][-]{section.8.2}{TOOLS AND TECHNOLOGIES USED}{chapter.8}% 76
\BOOKMARK [2][-]{subsection.8.2.1}{HARDWARE RESOURCES }{section.8.2}% 77
\BOOKMARK [2][-]{subsection.8.2.2}{SOFTWARE RESOURCES }{section.8.2}% 78
\BOOKMARK [2][-]{subsection.8.2.3}{TECHNOLOGY}{section.8.2}% 79
\BOOKMARK [1][-]{section.8.3}{METHOLOGIES AND ALGORITHMS DETAILS}{chapter.8}% 80
\BOOKMARK [2][-]{subsection.8.3.1}{Algorithm For Bluetooth LE Connecttion Establishment}{section.8.3}% 81
\BOOKMARK [2][-]{subsection.8.3.2}{Algorithm For Execution of the Android App}{section.8.3}% 82
\BOOKMARK [1][-]{section.8.4}{VERIFICATION AND VALIDATION FOR ACCEPTANCE}{chapter.8}% 83
\BOOKMARK [0][-]{chapter.9}{SOFTWARE TESTING}{}% 84
\BOOKMARK [1][-]{section.9.1}{TYPES OF TESTING USED}{chapter.9}% 85
\BOOKMARK [1][-]{section.9.2}{TEST CASES AND TEST RESULTS}{chapter.9}% 86
\BOOKMARK [0][-]{chapter.10}{RESULTS}{}% 87
\BOOKMARK [1][-]{section.10.1}{SCREEN SHOTS}{chapter.10}% 88
\BOOKMARK [0][-]{chapter.11}{DEPLOYMENT AND MAINTENANCE}{}% 89
\BOOKMARK [1][-]{section.11.1}{INSTALLATION AND UN-INSTALLATION}{chapter.11}% 90
\BOOKMARK [2][-]{subsection.11.1.1}{Installation}{section.11.1}% 91
\BOOKMARK [2][-]{subsection.11.1.2}{Un-installation}{section.11.1}% 92
\BOOKMARK [1][-]{section.11.2}{USER HELP}{chapter.11}% 93
\BOOKMARK [0][-]{chapter.12}{FUTURE ENHANCEMENT AND CONCLUSION}{}% 94
\BOOKMARK [1][-]{section.12.1}{FUTURE SCOPE}{chapter.12}% 95
\BOOKMARK [1][-]{section.12.2}{CONCLUSION}{chapter.12}% 96
\BOOKMARK [0][-]{chapter.13}{REFERENCES}{}% 97
\BOOKMARK [0][-]{chapter*.41}{BIBLIOGRAPHY}{}% 98
\BOOKMARK [0][-]{Annexure.a.A}{Annexure LABORATORY ASSIGNMENTS ON PROJECT ANALYSIS OF ALGORITHM DESIGN}{}% 99
\BOOKMARK [0][-]{Annexure.a.B}{Annexure LABORATORY ASSIGNMENTS ON PROJECT QUALITY AND RELIABILITY TESTING OF PROJECT DESIGN}{}% 100
\BOOKMARK [0][-]{Annexure.a.C}{Annexure PROJECT PLANNER}{}% 101
\BOOKMARK [0][-]{Annexure.a.D}{Annexure TERM-II PROJECT LABORATORY ASSIGNMENTS}{}% 102
\BOOKMARK [0][-]{Annexure.a.E}{Annexure INFORMATION OF PROJECT GROUP MEMBERS}{}% 103
