This is pdfTeX, Version 3.1415926-2.5-1.40.14 (TeX Live 2013/Debian) (format=pdflatex 2017.2.14)  29 OCT 2017 13:39
entering extended mode
 restricted \write18 enabled.
 %&-line parsing enabled.
**Project.tex
(./Project.tex
LaTeX2e <2011/06/27>
Babel <3.9h> and hyphenation patterns for 2 languages loaded.
(/usr/share/texlive/texmf-dist/tex/latex/base/report.cls
Document Class: report 2007/10/19 v1.4h Standard LaTeX document class
(/usr/share/texlive/texmf-dist/tex/latex/base/size12.clo
File: size12.clo 2007/10/19 v1.4h Standard LaTeX file (size option)
)
\c@part=\count79
\c@chapter=\count80
\c@section=\count81
\c@subsection=\count82
\c@subsubsection=\count83
\c@paragraph=\count84
\c@subparagraph=\count85
\c@figure=\count86
\c@table=\count87
\abovecaptionskip=\skip41
\belowcaptionskip=\skip42
\bibindent=\dimen102
)
(/usr/share/texlive/texmf-dist/tex/latex/geometry/geometry.sty
Package: geometry 2010/09/12 v5.6 Page Geometry

(/usr/share/texlive/texmf-dist/tex/latex/graphics/keyval.sty
Package: keyval 1999/03/16 v1.13 key=value parser (DPC)
\KV@toks@=\toks14
)
(/usr/share/texlive/texmf-dist/tex/generic/oberdiek/ifpdf.sty
Package: ifpdf 2011/01/30 v2.3 Provides the ifpdf switch (HO)
Package ifpdf Info: pdfTeX in PDF mode is detected.
)
(/usr/share/texlive/texmf-dist/tex/generic/oberdiek/ifvtex.sty
Package: ifvtex 2010/03/01 v1.5 Detect VTeX and its facilities (HO)
Package ifvtex Info: VTeX not detected.
)
(/usr/share/texlive/texmf-dist/tex/generic/ifxetex/ifxetex.sty
Package: ifxetex 2010/09/12 v0.6 Provides ifxetex conditional
)
\Gm@cnth=\count88
\Gm@cntv=\count89
\c@Gm@tempcnt=\count90
\Gm@bindingoffset=\dimen103
\Gm@wd@mp=\dimen104
\Gm@odd@mp=\dimen105
\Gm@even@mp=\dimen106
\Gm@layoutwidth=\dimen107
\Gm@layoutheight=\dimen108
\Gm@layouthoffset=\dimen109
\Gm@layoutvoffset=\dimen110
\Gm@dimlist=\toks15
)
(/usr/share/texlive/texmf-dist/tex/latex/graphics/graphics.sty
Package: graphics 2009/02/05 v1.0o Standard LaTeX Graphics (DPC,SPQR)

(/usr/share/texlive/texmf-dist/tex/latex/graphics/trig.sty
Package: trig 1999/03/16 v1.09 sin cos tan (DPC)
)
(/usr/share/texlive/texmf-dist/tex/latex/latexconfig/graphics.cfg
File: graphics.cfg 2010/04/23 v1.9 graphics configuration of TeX Live
)
Package graphics Info: Driver file: pdftex.def on input line 91.

(/usr/share/texlive/texmf-dist/tex/latex/pdftex-def/pdftex.def
File: pdftex.def 2011/05/27 v0.06d Graphics/color for pdfTeX

(/usr/share/texlive/texmf-dist/tex/generic/oberdiek/infwarerr.sty
Package: infwarerr 2010/04/08 v1.3 Providing info/warning/error messages (HO)
)
(/usr/share/texlive/texmf-dist/tex/generic/oberdiek/ltxcmds.sty
Package: ltxcmds 2011/11/09 v1.22 LaTeX kernel commands for general use (HO)
)
\Gread@gobject=\count91
))
(/usr/share/texlive/texmf-dist/tex/latex/caption/caption.sty
Package: caption 2013/05/02 v3.3-89 Customizing captions (AR)

(/usr/share/texlive/texmf-dist/tex/latex/caption/caption3.sty
Package: caption3 2013/05/02 v1.6-88 caption3 kernel (AR)
Package caption3 Info: TeX engine: e-TeX on input line 57.
\captionmargin=\dimen111
\captionmargin@=\dimen112
\captionwidth=\dimen113
\caption@tempdima=\dimen114
\caption@indent=\dimen115
\caption@parindent=\dimen116
\caption@hangindent=\dimen117
)
\c@ContinuedFloat=\count92
)
(/usr/share/texlive/texmf-dist/tex/latex/graphics/epsfig.sty
Package: epsfig 1999/02/16 v1.7a (e)psfig emulation (SPQR)

(/usr/share/texlive/texmf-dist/tex/latex/graphics/graphicx.sty
Package: graphicx 1999/02/16 v1.0f Enhanced LaTeX Graphics (DPC,SPQR)
\Gin@req@height=\dimen118
\Gin@req@width=\dimen119
)
\epsfxsize=\dimen120
\epsfysize=\dimen121
)
(/usr/share/texlive/texmf-dist/tex/latex/tools/tabularx.sty
Package: tabularx 1999/01/07 v2.07 `tabularx' package (DPC)

(/usr/share/texlive/texmf-dist/tex/latex/tools/array.sty
Package: array 2008/09/09 v2.4c Tabular extension package (FMi)
\col@sep=\dimen122
\extrarowheight=\dimen123
\NC@list=\toks16
\extratabsurround=\skip43
\backup@length=\skip44
)
\TX@col@width=\dimen124
\TX@old@table=\dimen125
\TX@old@col=\dimen126
\TX@target=\dimen127
\TX@delta=\dimen128
\TX@cols=\count93
\TX@ftn=\toks17
)
(/usr/share/texlive/texmf-dist/tex/latex/subfigure/subfigure.sty
Package: subfigure 2002/03/15 v2.1.5 subfigure package
\subfigtopskip=\skip45
\subfigcapskip=\skip46
\subfigcaptopadj=\dimen129
\subfigbottomskip=\skip47
\subfigcapmargin=\dimen130
\subfiglabelskip=\skip48
\c@subfigure=\count94
\c@lofdepth=\count95
\c@subtable=\count96
\c@lotdepth=\count97

****************************************
* Local config file subfigure.cfg used *
****************************************
(/usr/share/texlive/texmf-dist/tex/latex/subfigure/subfigure.cfg)
\subfig@top=\skip49
\subfig@bottom=\skip50
)
(/usr/share/texlive/texmf-dist/tex/latex/appendix/appendix.sty
Package: appendix 2009/09/02 v1.2b extra appendix facilities
\c@@pps=\count98
\c@@ppsavesec=\count99
\c@@ppsaveapp=\count100
)
(/usr/share/texlive/texmf-dist/tex/latex/multirow/multirow.sty
\bigstrutjot=\dimen131
)
(/usr/share/texlive/texmf-dist/tex/latex/fancyhdr/fancyhdr.sty
\fancy@headwidth=\skip51
\f@ncyO@elh=\skip52
\f@ncyO@erh=\skip53
\f@ncyO@olh=\skip54
\f@ncyO@orh=\skip55
\f@ncyO@elf=\skip56
\f@ncyO@erf=\skip57
\f@ncyO@olf=\skip58
\f@ncyO@orf=\skip59
)
(/usr/share/texlive/texmf-dist/tex/latex/fancybox/fancybox.sty
Package: fancybox 2010/05/15 1.4

Style option: `fancybox' v1.4 <2010/05/15> (tvz)
\@fancybox=\box26
\shadowsize=\dimen132
\@Sbox=\box27
\do@VerbBox=\toks18
\the@fancyput=\toks19
\this@fancyput=\toks20
\EndVerbatimTokens=\toks21
\Verbatim@Outfile=\write3
\Verbatim@Infile=\read1
) (/usr/share/texlive/texmf-dist/tex/latex/amsmath/amsmath.sty
Package: amsmath 2013/01/14 v2.14 AMS math features
\@mathmargin=\skip60

For additional information on amsmath, use the `?' option.
(/usr/share/texlive/texmf-dist/tex/latex/amsmath/amstext.sty
Package: amstext 2000/06/29 v2.01

(/usr/share/texlive/texmf-dist/tex/latex/amsmath/amsgen.sty
File: amsgen.sty 1999/11/30 v2.0
\@emptytoks=\toks22
\ex@=\dimen133
))
(/usr/share/texlive/texmf-dist/tex/latex/amsmath/amsbsy.sty
Package: amsbsy 1999/11/29 v1.2d
\pmbraise@=\dimen134
)
(/usr/share/texlive/texmf-dist/tex/latex/amsmath/amsopn.sty
Package: amsopn 1999/12/14 v2.01 operator names
)
\inf@bad=\count101
LaTeX Info: Redefining \frac on input line 210.
\uproot@=\count102
\leftroot@=\count103
LaTeX Info: Redefining \overline on input line 306.
\classnum@=\count104
\DOTSCASE@=\count105
LaTeX Info: Redefining \ldots on input line 378.
LaTeX Info: Redefining \dots on input line 381.
LaTeX Info: Redefining \cdots on input line 466.
\Mathstrutbox@=\box28
\strutbox@=\box29
\big@size=\dimen135
LaTeX Font Info:    Redeclaring font encoding OML on input line 566.
LaTeX Font Info:    Redeclaring font encoding OMS on input line 567.
\macc@depth=\count106
\c@MaxMatrixCols=\count107
\dotsspace@=\muskip10
\c@parentequation=\count108
\dspbrk@lvl=\count109
\tag@help=\toks23
\row@=\count110
\column@=\count111
\maxfields@=\count112
\andhelp@=\toks24
\eqnshift@=\dimen136
\alignsep@=\dimen137
\tagshift@=\dimen138
\tagwidth@=\dimen139
\totwidth@=\dimen140
\lineht@=\dimen141
\@envbody=\toks25
\multlinegap=\skip61
\multlinetaggap=\skip62
\mathdisplay@stack=\toks26
LaTeX Info: Redefining \[ on input line 2665.
LaTeX Info: Redefining \] on input line 2666.
)
(/usr/share/texlive/texmf-dist/tex/latex/amsfonts/amsfonts.sty
Package: amsfonts 2013/01/14 v3.01 Basic AMSFonts support
\symAMSa=\mathgroup4
\symAMSb=\mathgroup5
LaTeX Font Info:    Overwriting math alphabet `\mathfrak' in version `bold'
(Font)                  U/euf/m/n --> U/euf/b/n on input line 106.
)
(/usr/share/texlive/texmf-dist/tex/latex/amsfonts/amssymb.sty
Package: amssymb 2013/01/14 v3.01 AMS font symbols
)
(/usr/share/texlive/texmf-dist/tex/latex/base/textcomp.sty
Package: textcomp 2005/09/27 v1.99g Standard LaTeX package
Package textcomp Info: Sub-encoding information:
(textcomp)               5 = only ISO-Adobe without \textcurrency
(textcomp)               4 = 5 + \texteuro
(textcomp)               3 = 4 + \textohm
(textcomp)               2 = 3 + \textestimated + \textcurrency
(textcomp)               1 = TS1 - \textcircled - \t
(textcomp)               0 = TS1 (full)
(textcomp)             Font families with sub-encoding setting implement
(textcomp)             only a restricted character set as indicated.
(textcomp)             Family '?' is the default used for unknown fonts.
(textcomp)             See the documentation for details.
Package textcomp Info: Setting ? sub-encoding to TS1/1 on input line 71.

(/usr/share/texlive/texmf-dist/tex/latex/base/ts1enc.def
File: ts1enc.def 2001/06/05 v3.0e (jk/car/fm) Standard LaTeX file
)
LaTeX Info: Redefining \oldstylenums on input line 266.
Package textcomp Info: Setting cmr sub-encoding to TS1/0 on input line 281.
Package textcomp Info: Setting cmss sub-encoding to TS1/0 on input line 282.
Package textcomp Info: Setting cmtt sub-encoding to TS1/0 on input line 283.
Package textcomp Info: Setting cmvtt sub-encoding to TS1/0 on input line 284.
Package textcomp Info: Setting cmbr sub-encoding to TS1/0 on input line 285.
Package textcomp Info: Setting cmtl sub-encoding to TS1/0 on input line 286.
Package textcomp Info: Setting ccr sub-encoding to TS1/0 on input line 287.
Package textcomp Info: Setting ptm sub-encoding to TS1/4 on input line 288.
Package textcomp Info: Setting pcr sub-encoding to TS1/4 on input line 289.
Package textcomp Info: Setting phv sub-encoding to TS1/4 on input line 290.
Package textcomp Info: Setting ppl sub-encoding to TS1/3 on input line 291.
Package textcomp Info: Setting pag sub-encoding to TS1/4 on input line 292.
Package textcomp Info: Setting pbk sub-encoding to TS1/4 on input line 293.
Package textcomp Info: Setting pnc sub-encoding to TS1/4 on input line 294.
Package textcomp Info: Setting pzc sub-encoding to TS1/4 on input line 295.
Package textcomp Info: Setting bch sub-encoding to TS1/4 on input line 296.
Package textcomp Info: Setting put sub-encoding to TS1/5 on input line 297.
Package textcomp Info: Setting uag sub-encoding to TS1/5 on input line 298.
Package textcomp Info: Setting ugq sub-encoding to TS1/5 on input line 299.
Package textcomp Info: Setting ul8 sub-encoding to TS1/4 on input line 300.
Package textcomp Info: Setting ul9 sub-encoding to TS1/4 on input line 301.
Package textcomp Info: Setting augie sub-encoding to TS1/5 on input line 302.
Package textcomp Info: Setting dayrom sub-encoding to TS1/3 on input line 303.
Package textcomp Info: Setting dayroms sub-encoding to TS1/3 on input line 304.

Package textcomp Info: Setting pxr sub-encoding to TS1/0 on input line 305.
Package textcomp Info: Setting pxss sub-encoding to TS1/0 on input line 306.
Package textcomp Info: Setting pxtt sub-encoding to TS1/0 on input line 307.
Package textcomp Info: Setting txr sub-encoding to TS1/0 on input line 308.
Package textcomp Info: Setting txss sub-encoding to TS1/0 on input line 309.
Package textcomp Info: Setting txtt sub-encoding to TS1/0 on input line 310.
Package textcomp Info: Setting lmr sub-encoding to TS1/0 on input line 311.
Package textcomp Info: Setting lmdh sub-encoding to TS1/0 on input line 312.
Package textcomp Info: Setting lmss sub-encoding to TS1/0 on input line 313.
Package textcomp Info: Setting lmssq sub-encoding to TS1/0 on input line 314.
Package textcomp Info: Setting lmvtt sub-encoding to TS1/0 on input line 315.
Package textcomp Info: Setting qhv sub-encoding to TS1/0 on input line 316.
Package textcomp Info: Setting qag sub-encoding to TS1/0 on input line 317.
Package textcomp Info: Setting qbk sub-encoding to TS1/0 on input line 318.
Package textcomp Info: Setting qcr sub-encoding to TS1/0 on input line 319.
Package textcomp Info: Setting qcs sub-encoding to TS1/0 on input line 320.
Package textcomp Info: Setting qpl sub-encoding to TS1/0 on input line 321.
Package textcomp Info: Setting qtm sub-encoding to TS1/0 on input line 322.
Package textcomp Info: Setting qzc sub-encoding to TS1/0 on input line 323.
Package textcomp Info: Setting qhvc sub-encoding to TS1/0 on input line 324.
Package textcomp Info: Setting futs sub-encoding to TS1/4 on input line 325.
Package textcomp Info: Setting futx sub-encoding to TS1/4 on input line 326.
Package textcomp Info: Setting futj sub-encoding to TS1/4 on input line 327.
Package textcomp Info: Setting hlh sub-encoding to TS1/3 on input line 328.
Package textcomp Info: Setting hls sub-encoding to TS1/3 on input line 329.
Package textcomp Info: Setting hlst sub-encoding to TS1/3 on input line 330.
Package textcomp Info: Setting hlct sub-encoding to TS1/5 on input line 331.
Package textcomp Info: Setting hlx sub-encoding to TS1/5 on input line 332.
Package textcomp Info: Setting hlce sub-encoding to TS1/5 on input line 333.
Package textcomp Info: Setting hlcn sub-encoding to TS1/5 on input line 334.
Package textcomp Info: Setting hlcw sub-encoding to TS1/5 on input line 335.
Package textcomp Info: Setting hlcf sub-encoding to TS1/5 on input line 336.
Package textcomp Info: Setting pplx sub-encoding to TS1/3 on input line 337.
Package textcomp Info: Setting pplj sub-encoding to TS1/3 on input line 338.
Package textcomp Info: Setting ptmx sub-encoding to TS1/4 on input line 339.
Package textcomp Info: Setting ptmj sub-encoding to TS1/4 on input line 340.
)
(/usr/share/texlive/texmf-dist/tex/latex/setspace/setspace.sty
Package: setspace 2011/12/19 v6.7a set line spacing
)
(/usr/share/texlive/texmf-dist/tex/latex/pdfpages/pdfpages.sty
Package: pdfpages 2013/08/25 v0.4v Insert pages of external PDF documents (AM)

(/usr/share/texlive/texmf-dist/tex/latex/base/ifthen.sty
Package: ifthen 2001/05/26 v1.1c Standard LaTeX ifthen package (DPC)
)
(/usr/share/texlive/texmf-dist/tex/latex/tools/calc.sty
Package: calc 2007/08/22 v4.3 Infix arithmetic (KKT,FJ)
\calc@Acount=\count113
\calc@Bcount=\count114
\calc@Adimen=\dimen142
\calc@Bdimen=\dimen143
\calc@Askip=\skip63
\calc@Bskip=\skip64
LaTeX Info: Redefining \setlength on input line 76.
LaTeX Info: Redefining \addtolength on input line 77.
\calc@Ccount=\count115
\calc@Cskip=\skip65
)
(/usr/share/texlive/texmf-dist/tex/latex/eso-pic/eso-pic.sty
Package: eso-pic 2013/10/06 v2.0d eso-pic (RN)

(/usr/share/texlive/texmf-dist/tex/generic/oberdiek/atbegshi.sty
Package: atbegshi 2011/10/05 v1.16 At begin shipout hook (HO)
)
(/usr/share/texmf/tex/latex/xcolor/xcolor.sty
Package: xcolor 2007/01/21 v2.11 LaTeX color extensions (UK)

(/usr/share/texlive/texmf-dist/tex/latex/latexconfig/color.cfg
File: color.cfg 2007/01/18 v1.5 color configuration of teTeX/TeXLive
)
Package xcolor Info: Driver file: pdftex.def on input line 225.
Package xcolor Info: Model `cmy' substituted by `cmy0' on input line 1337.
Package xcolor Info: Model `hsb' substituted by `rgb' on input line 1341.
Package xcolor Info: Model `RGB' extended on input line 1353.
Package xcolor Info: Model `HTML' substituted by `rgb' on input line 1355.
Package xcolor Info: Model `Hsb' substituted by `hsb' on input line 1356.
Package xcolor Info: Model `tHsb' substituted by `hsb' on input line 1357.
Package xcolor Info: Model `HSB' substituted by `hsb' on input line 1358.
Package xcolor Info: Model `Gray' substituted by `gray' on input line 1359.
Package xcolor Info: Model `wave' substituted by `hsb' on input line 1360.
))
(/usr/share/texlive/texmf-dist/tex/latex/pdfpages/pppdftex.def
File: pppdftex.def 2013/08/25 v0.4v Pdfpages driver for pdfTeX (AM)
)
\AM@pagebox=\box30
\AM@toc@title=\toks27
\c@AM@survey=\count116
\AM@templatesizebox=\box31
)
(/usr/share/texlive/texmf-dist/tex/latex/natbib/natbib.sty
Package: natbib 2010/09/13 8.31b (PWD, AO)
\bibhang=\skip66
\bibsep=\skip67
LaTeX Info: Redefining \cite on input line 694.
\c@NAT@ctr=\count117
)
(/usr/share/texlive/texmf-dist/tex/latex/hyperref/hyperref.sty
Package: hyperref 2012/11/06 v6.83m Hypertext links for LaTeX

(/usr/share/texlive/texmf-dist/tex/generic/oberdiek/hobsub-hyperref.sty
Package: hobsub-hyperref 2012/05/28 v1.13 Bundle oberdiek, subset hyperref (HO)


(/usr/share/texlive/texmf-dist/tex/generic/oberdiek/hobsub-generic.sty
Package: hobsub-generic 2012/05/28 v1.13 Bundle oberdiek, subset generic (HO)
Package: hobsub 2012/05/28 v1.13 Construct package bundles (HO)
Package hobsub Info: Skipping package `infwarerr' (already loaded).
Package hobsub Info: Skipping package `ltxcmds' (already loaded).
Package: ifluatex 2010/03/01 v1.3 Provides the ifluatex switch (HO)
Package ifluatex Info: LuaTeX not detected.
Package hobsub Info: Skipping package `ifvtex' (already loaded).
Package: intcalc 2007/09/27 v1.1 Expandable calculations with integers (HO)
Package hobsub Info: Skipping package `ifpdf' (already loaded).
Package: etexcmds 2011/02/16 v1.5 Avoid name clashes with e-TeX commands (HO)
Package etexcmds Info: Could not find \expanded.
(etexcmds)             That can mean that you are not using pdfTeX 1.50 or
(etexcmds)             that some package has redefined \expanded.
(etexcmds)             In the latter case, load this package earlier.
Package: kvsetkeys 2012/04/25 v1.16 Key value parser (HO)
Package: kvdefinekeys 2011/04/07 v1.3 Define keys (HO)
Package: pdftexcmds 2011/11/29 v0.20 Utility functions of pdfTeX for LuaTeX (HO
)
Package pdftexcmds Info: LuaTeX not detected.
Package pdftexcmds Info: \pdf@primitive is available.
Package pdftexcmds Info: \pdf@ifprimitive is available.
Package pdftexcmds Info: \pdfdraftmode found.
Package: pdfescape 2011/11/25 v1.13 Implements pdfTeX's escape features (HO)
Package: bigintcalc 2012/04/08 v1.3 Expandable calculations on big integers (HO
)
Package: bitset 2011/01/30 v1.1 Handle bit-vector datatype (HO)
Package: uniquecounter 2011/01/30 v1.2 Provide unlimited unique counter (HO)
)
Package hobsub Info: Skipping package `hobsub' (already loaded).
Package: letltxmacro 2010/09/02 v1.4 Let assignment for LaTeX macros (HO)
Package: hopatch 2012/05/28 v1.2 Wrapper for package hooks (HO)
Package: xcolor-patch 2011/01/30 xcolor patch
Package: atveryend 2011/06/30 v1.8 Hooks at the very end of document (HO)
Package atveryend Info: \enddocument detected (standard20110627).
Package hobsub Info: Skipping package `atbegshi' (already loaded).
Package: refcount 2011/10/16 v3.4 Data extraction from label references (HO)
Package: hycolor 2011/01/30 v1.7 Color options for hyperref/bookmark (HO)
)
(/usr/share/texlive/texmf-dist/tex/latex/oberdiek/auxhook.sty
Package: auxhook 2011/03/04 v1.3 Hooks for auxiliary files (HO)
)
(/usr/share/texlive/texmf-dist/tex/latex/oberdiek/kvoptions.sty
Package: kvoptions 2011/06/30 v3.11 Key value format for package options (HO)
)
\@linkdim=\dimen144
\Hy@linkcounter=\count118
\Hy@pagecounter=\count119

(/usr/share/texlive/texmf-dist/tex/latex/hyperref/pd1enc.def
File: pd1enc.def 2012/11/06 v6.83m Hyperref: PDFDocEncoding definition (HO)
)
\Hy@SavedSpaceFactor=\count120

(/usr/share/texlive/texmf-dist/tex/latex/latexconfig/hyperref.cfg
File: hyperref.cfg 2002/06/06 v1.2 hyperref configuration of TeXLive
)
Package hyperref Info: Option `colorlinks' set `true' on input line 4319.
Package hyperref Info: Hyper figures OFF on input line 4443.
Package hyperref Info: Link nesting OFF on input line 4448.
Package hyperref Info: Hyper index ON on input line 4451.
Package hyperref Info: Plain pages OFF on input line 4458.
Package hyperref Info: Backreferencing OFF on input line 4463.
Package hyperref Info: Implicit mode ON; LaTeX internals redefined.
Package hyperref Info: Bookmarks ON on input line 4688.
\c@Hy@tempcnt=\count121

(/usr/share/texlive/texmf-dist/tex/latex/url/url.sty
\Urlmuskip=\muskip11
Package: url 2013/09/16  ver 3.4  Verb mode for urls, etc.
)
LaTeX Info: Redefining \url on input line 5041.
\XeTeXLinkMargin=\dimen145
\Fld@menulength=\count122
\Field@Width=\dimen146
\Fld@charsize=\dimen147
Package hyperref Info: Hyper figures OFF on input line 6295.
Package hyperref Info: Link nesting OFF on input line 6300.
Package hyperref Info: Hyper index ON on input line 6303.
Package hyperref Info: backreferencing OFF on input line 6310.
Package hyperref Info: Link coloring ON on input line 6313.
Package hyperref Info: Link coloring with OCG OFF on input line 6320.
Package hyperref Info: PDF/A mode OFF on input line 6325.
LaTeX Info: Redefining \ref on input line 6365.
LaTeX Info: Redefining \pageref on input line 6369.
\Hy@abspage=\count123
\c@Item=\count124
\c@Hfootnote=\count125
)

Package hyperref Message: Driver (autodetected): hpdftex.

(/usr/share/texlive/texmf-dist/tex/latex/hyperref/hpdftex.def
File: hpdftex.def 2012/11/06 v6.83m Hyperref driver for pdfTeX
\Fld@listcount=\count126
\c@bookmark@seq@number=\count127

(/usr/share/texlive/texmf-dist/tex/latex/oberdiek/rerunfilecheck.sty
Package: rerunfilecheck 2011/04/15 v1.7 Rerun checks for auxiliary files (HO)
Package uniquecounter Info: New unique counter `rerunfilecheck' on input line 2
82.
)
\Hy@SectionHShift=\skip68
)
(/usr/share/texlive/texmf-dist/tex/latex/isodate/isodate.sty
Package: isodate 2010/01/03 v2.30 Print dates with different formats (HH)

(/usr/share/texlive/texmf-dist/tex/latex/substr/substr.sty
Package: substr 2009/10/20 v1.2 Handle substrings
\c@su@anzahl=\count128
)
(/usr/share/texlive/texmf-dist/tex/latex/isodate/english.idf
File: english.idf 2010/01/03 v2.30 Language definitions for isodate package (HH
)

Define commands for English date format
)
\c@iso@tmpmonth=\count129
\c@iso@yeartwo=\count130
\c@iso@slash=\count131
\c@iso@minus=\count132
\c@iso@dot=\count133
\c@iso@@slash=\count134
\c@iso@@minus=\count135
\c@iso@@dot=\count136
) (/usr/share/texlive/texmf-dist/tex/latex/nomencl/nomencl.sty
Package: nomencl 2005/09/22 v4.2 Nomenclature package (LN)
\nomlabelwidth=\dimen148
\nom@tempdim=\dimen149
\nomitemsep=\skip69
)
(/usr/share/texlive/texmf-dist/tex/latex/mdwtools/footnote.sty
Package: footnote 1997/01/28 1.13 Save footnotes around boxes
\fn@notes=\box32
\fn@width=\dimen150
)
\@nomenclaturefile=\write4
\openout4 = `Project.nlo'.


Writing nomenclature file Project.nlo
(./Project.aux

Package natbib Warning: Citation `IEEEhowto:Wu' multiply defined.


Package natbib Warning: Citation `IEEEhowto:Wu' multiply defined.


Package natbib Warning: Citation `IEEEhowto:Wu' multiply defined.


Package natbib Warning: Citation `IEEEhowto:Wu' multiply defined.

)
\openout1 = `Project.aux'.

LaTeX Font Info:    Checking defaults for OML/cmm/m/it on input line 34.
LaTeX Font Info:    ... okay on input line 34.
LaTeX Font Info:    Checking defaults for T1/cmr/m/n on input line 34.
LaTeX Font Info:    ... okay on input line 34.
LaTeX Font Info:    Checking defaults for OT1/cmr/m/n on input line 34.
LaTeX Font Info:    ... okay on input line 34.
LaTeX Font Info:    Checking defaults for OMS/cmsy/m/n on input line 34.
LaTeX Font Info:    ... okay on input line 34.
LaTeX Font Info:    Checking defaults for OMX/cmex/m/n on input line 34.
LaTeX Font Info:    ... okay on input line 34.
LaTeX Font Info:    Checking defaults for U/cmr/m/n on input line 34.
LaTeX Font Info:    ... okay on input line 34.
LaTeX Font Info:    Checking defaults for TS1/cmr/m/n on input line 34.
LaTeX Font Info:    Try loading font information for TS1+cmr on input line 34.
 (/usr/share/texlive/texmf-dist/tex/latex/base/ts1cmr.fd
File: ts1cmr.fd 1999/05/25 v2.5h Standard LaTeX font definitions
)
LaTeX Font Info:    ... okay on input line 34.
LaTeX Font Info:    Checking defaults for PD1/pdf/m/n on input line 34.
LaTeX Font Info:    ... okay on input line 34.

*geometry* driver: auto-detecting
*geometry* detected driver: pdftex
*geometry* verbose mode - [ preamble ] result:
* driver: pdftex
* paper: a4paper
* layout: <same size as paper>
* layoutoffset:(h,v)=(0.0pt,0.0pt)
* modes: 
* h-part:(L,W,R)=(90.3375pt, 434.90039pt, 72.26999pt)
* v-part:(T,H,B)=(72.26999pt, 700.50687pt, 72.26999pt)
* \paperwidth=597.50787pt
* \paperheight=845.04684pt
* \textwidth=434.90039pt
* \textheight=700.50687pt
* \oddsidemargin=18.0675pt
* \evensidemargin=18.0675pt
* \topmargin=-37.0pt
* \headheight=12.0pt
* \headsep=25.0pt
* \topskip=12.0pt
* \footskip=30.0pt
* \marginparwidth=35.0pt
* \marginparsep=10.0pt
* \columnsep=10.0pt
* \skip\footins=10.8pt plus 4.0pt minus 2.0pt
* \hoffset=0.0pt
* \voffset=0.0pt
* \mag=1000
* \@twocolumnfalse
* \@twosidefalse
* \@mparswitchfalse
* \@reversemarginfalse
* (1in=72.27pt=25.4mm, 1cm=28.453pt)

(/usr/share/texlive/texmf-dist/tex/context/base/supp-pdf.mkii
[Loading MPS to PDF converter (version 2006.09.02).]
\scratchcounter=\count137
\scratchdimen=\dimen151
\scratchbox=\box33
\nofMPsegments=\count138
\nofMParguments=\count139
\everyMPshowfont=\toks28
\MPscratchCnt=\count140
\MPscratchDim=\dimen152
\MPnumerator=\count141
\makeMPintoPDFobject=\count142
\everyMPtoPDFconversion=\toks29
) (/usr/share/texlive/texmf-dist/tex/latex/oberdiek/epstopdf-base.sty
Package: epstopdf-base 2010/02/09 v2.5 Base part for package epstopdf

(/usr/share/texlive/texmf-dist/tex/latex/oberdiek/grfext.sty
Package: grfext 2010/08/19 v1.1 Manage graphics extensions (HO)
)
Package grfext Info: Graphics extension search list:
(grfext)             [.png,.pdf,.jpg,.mps,.jpeg,.jbig2,.jb2,.PNG,.PDF,.JPG,.JPE
G,.JBIG2,.JB2,.eps]
(grfext)             \AppendGraphicsExtensions on input line 452.

(/usr/share/texlive/texmf-dist/tex/latex/latexconfig/epstopdf-sys.cfg
File: epstopdf-sys.cfg 2010/07/13 v1.3 Configuration of (r)epstopdf for TeX Liv
e
))
Package caption Info: Begin \AtBeginDocument code.
Package caption Info: hyperref package is loaded.
Package caption Info: subfigure package is loaded.
Package caption Info: End \AtBeginDocument code.
\AtBeginShipoutBox=\box34
Package hyperref Info: Link coloring ON on input line 34.

(/usr/share/texlive/texmf-dist/tex/latex/hyperref/nameref.sty
Package: nameref 2012/10/27 v2.43 Cross-referencing by name of section

(/usr/share/texlive/texmf-dist/tex/generic/oberdiek/gettitlestring.sty
Package: gettitlestring 2010/12/03 v1.4 Cleanup title references (HO)
)
\c@section@level=\count143
)
LaTeX Info: Redefining \ref on input line 34.
LaTeX Info: Redefining \pageref on input line 34.
LaTeX Info: Redefining \nameref on input line 34.

(./Project.out) (./Project.out)
\@outlinefile=\write5
\openout5 = `Project.out'.


isodate: babel.sty, (n)german.sty have not been loaded
<mitlogo.png, id=418, 91.84312pt x 88.83188pt>
File: mitlogo.png Graphic file (type png)
 <use mitlogo.png>
Package pdftex.def Info: mitlogo.png used on input line 100.
(pdftex.def)             Requested size: 85.35826pt x 82.56534pt.
Missing character: There is no ‚ in font cmbx12!
Missing character: There is no Ä in font cmbx12!
Missing character: There is no ô in font cmbx12!

Overfull \hbox (484.2087pt too wide) has occurred while \output is active
[]
 []

[1

{/home/ronish/.texmf-var/fonts/map/pdftex/updmap/pdftex.map} <./mitlogo.png>]

! LaTeX Error: File `MITLogo' not found.

See the LaTeX manual or LaTeX Companion for explanation.
Type  H <return>  for immediate help.
 ...                                              
                                                  
l.124 \includegraphics[width=1.5 cm]{MITLogo}
                                             
I could not locate the file with any of these extensions:
.png,.pdf,.jpg,.mps,.jpeg,.jbig2,.jb2,.PNG,.PDF,.JPG,.JPEG,.JBIG2,.JB2,.eps
Try typing  <return>  to proceed.
If that doesn't work, type  X <return>  to quit.

LaTeX Font Info:    Try loading font information for U+msa on input line 131.
(/usr/share/texlive/texmf-dist/tex/latex/amsfonts/umsa.fd
File: umsa.fd 2013/01/14 v3.01 AMS symbols A
)
LaTeX Font Info:    Try loading font information for U+msb on input line 131.

(/usr/share/texlive/texmf-dist/tex/latex/amsfonts/umsb.fd
File: umsb.fd 2013/01/14 v3.01 AMS symbols B
)
Overfull \hbox (484.2087pt too wide) has occurred while \output is active
[]
 []

[1] [2]
Underfull \hbox (badness 10000) in paragraph at lines 214--215

 []


Underfull \hbox (badness 10000) in paragraph at lines 216--217

 []

pdfTeX warning (ext4): destination with the same identifier (name{page.i}) has 
been already used, duplicate ignored
<to be read again> 
                   \relax 
l.222 \end{abstract}
                     [1]
Overfull \hbox (3.61847pt too wide) in paragraph at lines 232--233
| \OT1/cmr/m/n/12 It gives us great plea-sure in pre-sent-ing the pre-lim-i-nar
y project re-port on `ALERTO'. 
 []


Underfull \hbox (badness 10000) in paragraph at lines 232--233

 []


Underfull \hbox (badness 10000) in paragraph at lines 234--237

 []


Underfull \hbox (badness 10000) in paragraph at lines 238--239

 []

pdfTeX warning (ext4): destination with the same identifier (name{page.i}) has 
been already used, duplicate ignored
<to be read again> 
                   \relax 
l.258 \newpage
               [1] (./Project.tocpdfTeX warning (ext4): destination with the sa
me identifier (name{page.ii}) has been already used, duplicate ignored
<to be read again> 
                   \relax 
l.21 ...OBLEM DEFINITION AND SCOPE}{15}{chapter.4}
                                                   [2

]
Underfull \hbox (badness 10000) has occurred while \output is active
 [][]  
 []


Underfull \hbox (badness 10000) has occurred while \output is active
 [][]  
 []

[3]
Underfull \hbox (badness 10000) has occurred while \output is active
 [][]  
 []


Underfull \hbox (badness 10000) has occurred while \output is active
 [][]  
 []

[4]
Underfull \hbox (badness 10000) has occurred while \output is active
 [][]  
 []


Underfull \hbox (badness 10000) has occurred while \output is active
 [][]  
 []

[5])
\tf@toc=\write6
\openout6 = `Project.toc'.

 [6] (./Project.lof
Underfull \hbox (badness 10000) has occurred while \output is active
 [][]  
 []


Underfull \hbox (badness 10000) has occurred while \output is active
 [][]  
 []

[7

])
\tf@lof=\write7
\openout7 = `Project.lof'.

 [8] (./Project.lot)
\tf@lot=\write8
\openout8 = `Project.lot'.

 [9

]
Chapter 1.
[1

]

Package Fancyhdr Warning: \headheight is too small (12.0pt): 
 Make it at least 14.49998pt.
 We now make it that large for the rest of the document.
 This may cause the page layout to be inconsistent, however.

[2]
Overfull \hbox (2.11517pt too wide) in paragraph at lines 341--341
[]\OT1/cmr/bx/n/17.28 RELEVANT MATH-E-MAT-ICS AS-SO-CI-ATED
 []


Package Fancyhdr Warning: \headheight is too small (12.0pt): 
 Make it at least 14.49998pt.
 We now make it that large for the rest of the document.
 This may cause the page layout to be inconsistent, however.

[3]
Underfull \hbox (badness 10000) in paragraph at lines 355--356

 []

LaTeX Font Info:    Try loading font information for OMS+cmr on input line 359.

(/usr/share/texlive/texmf-dist/tex/latex/base/omscmr.fd
File: omscmr.fd 1999/05/25 v2.5h Standard LaTeX font definitions
)
LaTeX Font Info:    Font shape `OMS/cmr/m/n' in size <12> not available
(Font)              Font shape `OMS/cmsy/m/n' tried instead on input line 359.
Missing character: There is no ‚ in font cmr12!
Missing character: There is no Ä in font cmr12!
Missing character: There is no ò in font cmr12!
Missing character: There is no ‚ in font cmr12!
Missing character: There is no Ä in font cmr12!
Missing character: There is no ô in font cmr12!


Package Fancyhdr Warning: \headheight is too small (12.0pt): 
 Make it at least 14.49998pt.
 We now make it that large for the rest of the document.
 This may cause the page layout to be inconsistent, however.

[4]
Missing character: There is no ‚ in font cmr12!
Missing character: There is no Ä in font cmr12!
Missing character: There is no ô in font cmr12!


LaTeX Warning: File `math.png' not found on input line 398.


! Package pdftex.def Error: File `math.png' not found.

See the pdftex.def package documentation for explanation.
Type  H <return>  for immediate help.
 ...                                              
                                                  
l.398 ...scalebox{0.7}{\includegraphics{math.png}}
                                                  
Using draft setting for this image.
Try typing  <return>  to proceed.
If that doesn't work, type  X <return>  to quit.


LaTeX Warning: `!h' float specifier changed to `!ht'.


Overfull \hbox (0.1131pt too wide) in paragraph at lines 402--402
[]\OT1/cmr/bx/n/17.28 NAMES OF CON-FER-ENCES / JOUR-NALS
 []


Package Fancyhdr Warning: \headheight is too small (12.0pt): 
 Make it at least 14.49998pt.
 We now make it that large for the rest of the document.
 This may cause the page layout to be inconsistent, however.

[5]
Underfull \hbox (badness 10000) in paragraph at lines 421--421
[]|\OT1/cmr/m/n/12 Group For-
 []


Underfull \hbox (badness 10000) in paragraph at lines 421--421
\OT1/cmr/m/n/12 ma-tion and
 []


Underfull \hbox (badness 3189) in paragraph at lines 427--427
[]|\OT1/cmr/m/n/12 Preliminary In-
 []


Underfull \hbox (badness 10000) in paragraph at lines 430--430
[]|\OT1/cmr/m/n/12 Project Dic-
 []


Underfull \hbox (badness 10000) in paragraph at lines 430--430
\OT1/cmr/m/n/12 sus-sion with
 []


Underfull \hbox (badness 1571) in paragraph at lines 430--430
\OT1/cmr/m/n/12 Project Co-or-di-
 []


Underfull \hbox (badness 1303) in paragraph at lines 433--433
[]|\OT1/cmr/m/n/12 Synopsis prepa-
 []


Underfull \hbox (badness 10000) in paragraph at lines 442--442
[]|\OT1/cmr/m/n/12 Preparing In-
 []


Underfull \hbox (badness 10000) in paragraph at lines 448--448
[]|\OT1/cmr/m/n/12 Android and
 []


Underfull \hbox (badness 10000) in paragraph at lines 448--448
\OT1/cmr/m/n/12 Blue-tooth LE
 []


Underfull \hbox (badness 10000) in paragraph at lines 460--460
[]|\OT1/cmr/m/n/12 Final Project
 []


LaTeX Warning: `h' float specifier changed to `ht'.


Package Fancyhdr Warning: \headheight is too small (12.0pt): 
 Make it at least 14.49998pt.
 We now make it that large for the rest of the document.
 This may cause the page layout to be inconsistent, however.

[6]

Package Fancyhdr Warning: \headheight is too small (12.0pt): 
 Make it at least 14.49998pt.
 We now make it that large for the rest of the document.
 This may cause the page layout to be inconsistent, however.

[7]
Chapter 2.
[8

]

Package Fancyhdr Warning: \headheight is too small (12.0pt): 
 Make it at least 14.49998pt.
 We now make it that large for the rest of the document.
 This may cause the page layout to be inconsistent, however.

[9]
Chapter 3.
[10

]
Overfull \hbox (18.7189pt too wide) in paragraph at lines 504--505
\OT1/cmr/bx/n/12 Mem-ber, IEEE COM-MU-NI-CA-TIONS LET-TERS, VOL. 16, NO. 9, SEP
TEM-
 []


Package Fancyhdr Warning: \headheight is too small (12.0pt): 
 Make it at least 14.49998pt.
 We now make it that large for the rest of the document.
 This may cause the page layout to be inconsistent, however.

[11]

Package Fancyhdr Warning: \headheight is too small (12.0pt): 
 Make it at least 14.49998pt.
 We now make it that large for the rest of the document.
 This may cause the page layout to be inconsistent, however.

[12]
Missing character: There is no ‚ in font cmr12!
Missing character: There is no Ä in font cmr12!
Missing character: There is no ú in font cmr12!
Missing character: There is no ‚ in font cmr12!
Missing character: There is no Ä in font cmr12!
Missing character: There is no ù in font cmr12!
Missing character: There is no ‚ in font cmr12!
Missing character: There is no Ä in font cmr12!
Missing character: There is no ô in font cmr12!


Package Fancyhdr Warning: \headheight is too small (12.0pt): 
 Make it at least 14.49998pt.
 We now make it that large for the rest of the document.
 This may cause the page layout to be inconsistent, however.

[13]

Package Fancyhdr Warning: \headheight is too small (12.0pt): 
 Make it at least 14.49998pt.
 We now make it that large for the rest of the document.
 This may cause the page layout to be inconsistent, however.

[14]
Chapter 4.
[15

]
Missing character: There is no ‚ in font cmr12!
Missing character: There is no Ä in font cmr12!
Missing character: There is no ò in font cmr12!
Missing character: There is no ‚ in font cmr12!
Missing character: There is no Ä in font cmr12!
Missing character: There is no ô in font cmr12!


Package Fancyhdr Warning: \headheight is too small (12.0pt): 
 Make it at least 14.49998pt.
 We now make it that large for the rest of the document.
 This may cause the page layout to be inconsistent, however.

[16]
Overfull \hbox (2.94395pt too wide) in paragraph at lines 568--569
[]\OT1/cmr/m/n/12 The an-droid ver-sion used in the app should be higher than J
elly[]bean[]MR2(4.3+) 
 []


Overfull \hbox (11.39297pt too wide) in paragraph at lines 574--574
[]\OT1/cmr/bx/n/17.28 METHODOLOGIES OF PROB-LEM SOLV-ING
 []


Package Fancyhdr Warning: \headheight is too small (12.0pt): 
 Make it at least 14.49998pt.
 We now make it that large for the rest of the document.
 This may cause the page layout to be inconsistent, however.

[17]

Package Fancyhdr Warning: \headheight is too small (12.0pt): 
 Make it at least 14.49998pt.
 We now make it that large for the rest of the document.
 This may cause the page layout to be inconsistent, however.

[18]
Chapter 5.
[19

]

LaTeX Warning: File `sdlc_waterfall_model.jpg' not found on input line 609.


! Package pdftex.def Error: File `sdlc_waterfall_model.jpg' not found.

See the pdftex.def package documentation for explanation.
Type  H <return>  for immediate help.
 ...                                              
                                                  
l.609 ...ncludegraphics{sdlc_waterfall_model.jpg}}
                                                  
Using draft setting for this image.
Try typing  <return>  to proceed.
If that doesn't work, type  X <return>  to quit.


Overfull \hbox (4.38037pt too wide) in paragraph at lines 623--625
[]\OT1/cmr/m/n/12 Alerto de-vice(Wearable) 2GB RAM min-i-mum,4GB RAM rec-om-men
ded 
 []


Package Fancyhdr Warning: \headheight is too small (12.0pt): 
 Make it at least 14.49998pt.
 We now make it that large for the rest of the document.
 This may cause the page layout to be inconsistent, however.

[20]

Package Fancyhdr Warning: \headheight is too small (12.0pt): 
 Make it at least 14.49998pt.
 We now make it that large for the rest of the document.
 This may cause the page layout to be inconsistent, however.

[21]

Package Fancyhdr Warning: \headheight is too small (12.0pt): 
 Make it at least 14.49998pt.
 We now make it that large for the rest of the document.
 This may cause the page layout to be inconsistent, however.

[22]
Underfull \hbox (badness 10000) in paragraph at lines 700--705

 []


Overfull \hbox (3.82283pt too wide) in paragraph at lines 708--710
[]\OT1/cmr/m/n/12 Are end-users en-thu-si-as-ti-cally com-mit-ted to the projec
t and the sys- tem/product
 []


Package Fancyhdr Warning: \headheight is too small (12.0pt): 
 Make it at least 14.49998pt.
 We now make it that large for the rest of the document.
 This may cause the page layout to be inconsistent, however.

[23]
Overfull \hbox (0.69946pt too wide) in paragraph at lines 729--729
[]|[]| 
 []


Underfull \hbox (badness 1331) in paragraph at lines 733--733
[]|\OT1/cmr/m/n/12 Requirements fully un-der-stood by the
 []


LaTeX Warning: `!h' float specifier changed to `!ht'.


LaTeX Warning: `!h' float specifier changed to `!ht'.


LaTeX Warning: `!h' float specifier changed to `!ht'.


Package Fancyhdr Warning: \headheight is too small (12.0pt): 
 Make it at least 14.49998pt.
 We now make it that large for the rest of the document.
 This may cause the page layout to be inconsistent, however.

[24]

LaTeX Warning: `!h' float specifier changed to `!ht'.


LaTeX Warning: `!h' float specifier changed to `!ht'.


LaTeX Warning: `!h' float specifier changed to `!ht'.


Package Fancyhdr Warning: \headheight is too small (12.0pt): 
 Make it at least 14.49998pt.
 We now make it that large for the rest of the document.
 This may cause the page layout to be inconsistent, however.

[25]

Package Fancyhdr Warning: \headheight is too small (12.0pt): 
 Make it at least 14.49998pt.
 We now make it that large for the rest of the document.
 This may cause the page layout to be inconsistent, however.

[26]

LaTeX Warning: File `task.png' not found on input line 852.


! Package pdftex.def Error: File `task.png' not found.

See the pdftex.def package documentation for explanation.
Type  H <return>  for immediate help.
 ...                                              
                                                  
l.852 		\scalebox{0.6}{\includegraphics{task.png}}
                                                  
Using draft setting for this image.
Try typing  <return>  to proceed.
If that doesn't work, type  X <return>  to quit.


Package Fancyhdr Warning: \headheight is too small (12.0pt): 
 Make it at least 14.49998pt.
 We now make it that large for the rest of the document.
 This may cause the page layout to be inconsistent, however.

[27]
Underfull \hbox (badness 10000) in paragraph at lines 868--868
[]|\OT1/cmr/m/n/12 Group For-
 []


Underfull \hbox (badness 10000) in paragraph at lines 868--868
\OT1/cmr/m/n/12 ma-tion and
 []


Underfull \hbox (badness 3189) in paragraph at lines 874--874
[]|\OT1/cmr/m/n/12 Preliminary In-
 []


Underfull \hbox (badness 10000) in paragraph at lines 877--877
[]|\OT1/cmr/m/n/12 Project Dic-
 []


Underfull \hbox (badness 10000) in paragraph at lines 877--877
\OT1/cmr/m/n/12 sus-sion with
 []


Underfull \hbox (badness 1571) in paragraph at lines 877--877
\OT1/cmr/m/n/12 Project Co-or-di-
 []


Underfull \hbox (badness 1303) in paragraph at lines 880--880
[]|\OT1/cmr/m/n/12 Synopsis prepa-
 []


Underfull \hbox (badness 10000) in paragraph at lines 889--889
[]|\OT1/cmr/m/n/12 Preparing In-
 []


Underfull \hbox (badness 10000) in paragraph at lines 895--895
[]|\OT1/cmr/m/n/12 Android and
 []


Underfull \hbox (badness 10000) in paragraph at lines 895--895
\OT1/cmr/m/n/12 Blue-tooth LE
 []


Underfull \hbox (badness 10000) in paragraph at lines 907--907
[]|\OT1/cmr/m/n/12 Final Project
 []


Package Fancyhdr Warning: \headheight is too small (12.0pt): 
 Make it at least 14.49998pt.
 We now make it that large for the rest of the document.
 This may cause the page layout to be inconsistent, however.

[28]

Package Fancyhdr Warning: \headheight is too small (12.0pt): 
 Make it at least 14.49998pt.
 We now make it that large for the rest of the document.
 This may cause the page layout to be inconsistent, however.

[29]
Chapter 6.
[30

]
Underfull \hbox (badness 10000) in paragraph at lines 942--943

 []

Missing character: There is no ‚ in font cmr12!
Missing character: There is no Ä in font cmr12!
Missing character: There is no ô in font cmr12!
Missing character: There is no ‚ in font cmr12!
Missing character: There is no Ä in font cmr12!
Missing character: There is no î in font cmr12!

Underfull \hbox (badness 10000) in paragraph at lines 944--945

 []


Package Fancyhdr Warning: \headheight is too small (12.0pt): 
 Make it at least 14.49998pt.
 We now make it that large for the rest of the document.
 This may cause the page layout to be inconsistent, however.

[31]
Underfull \hbox (badness 10000) in paragraph at lines 946--947

 []


Underfull \hbox (badness 10000) in paragraph at lines 954--955

 []


Underfull \hbox (badness 10000) in paragraph at lines 956--957

 []


Package Fancyhdr Warning: \headheight is too small (12.0pt): 
 Make it at least 14.49998pt.
 We now make it that large for the rest of the document.
 This may cause the page layout to be inconsistent, however.

[32]
Missing character: There is no ‚ in font cmr12!
Missing character: There is no Ä in font cmr12!
Missing character: There is no ô in font cmr12!
Missing character: There is no ‚ in font cmr12!
Missing character: There is no Ä in font cmr12!
Missing character: There is no ô in font cmr12!
Missing character: There is no ‚ in font cmr12!
Missing character: There is no Ä in font cmr12!
Missing character: There is no ô in font cmr12!

Underfull \hbox (badness 10000) in paragraph at lines 958--959

 []

Missing character: There is no ‚ in font cmr12!
Missing character: There is no Ä in font cmr12!
Missing character: There is no ì in font cmr12!
Missing character: There is no ‚ in font cmr12!
Missing character: There is no Ä in font cmr12!
Missing character: There is no ô in font cmr12!

Package Fancyhdr Warning: \headheight is too small (12.0pt): 
 Make it at least 14.49998pt.
 We now make it that large for the rest of the document.
 This may cause the page layout to be inconsistent, however.

[33]
Overfull \hbox (3.72067pt too wide) in paragraph at lines 1006--1006
\OT1/cmr/m/n/12 No.| 
 []


Underfull \hbox (badness 10000) in paragraph at lines 1007--1007
[]|\OT1/cmr/m/n/12 Connecting the
 []


Underfull \hbox (badness 10000) in paragraph at lines 1007--1007
\OT1/cmr/m/n/12 Alerto with the
 []


Underfull \hbox (badness 10000) in paragraph at lines 1008--1008
[]|\OT1/cmr/m/n/12 Setting and
 []


Underfull \hbox (badness 10000) in paragraph at lines 1009--1009
[]|\OT1/cmr/m/n/12 User, An-droid
 []


Overfull \hbox (11.61174pt too wide) in paragraph at lines 1004--1011
 [][] 
 []


LaTeX Warning: `!h' float specifier changed to `!ht'.


Package Fancyhdr Warning: \headheight is too small (12.0pt): 
 Make it at least 14.49998pt.
 We now make it that large for the rest of the document.
 This may cause the page layout to be inconsistent, however.

[34]

LaTeX Warning: File `3.png' not found on input line 1018.


! Package pdftex.def Error: File `3.png' not found.

See the pdftex.def package documentation for explanation.
Type  H <return>  for immediate help.
 ...                                              
                                                  
l.1018 		\scalebox{0.7}{\includegraphics{3.png}}
                                                
Using draft setting for this image.
Try typing  <return>  to proceed.
If that doesn't work, type  X <return>  to quit.


LaTeX Warning: File `4.png' not found on input line 1025.


! Package pdftex.def Error: File `4.png' not found.

See the pdftex.def package documentation for explanation.
Type  H <return>  for immediate help.
 ...                                              
                                                  
l.1025 		\scalebox{0.7}{\includegraphics{4.png}}
                                                
Using draft setting for this image.
Try typing  <return>  to proceed.
If that doesn't work, type  X <return>  to quit.


LaTeX Warning: File `5.png' not found on input line 1032.


! Package pdftex.def Error: File `5.png' not found.

See the pdftex.def package documentation for explanation.
Type  H <return>  for immediate help.
 ...                                              
                                                  
l.1032 		\scalebox{0.7}{\includegraphics{5.png}}
                                                
Using draft setting for this image.
Try typing  <return>  to proceed.
If that doesn't work, type  X <return>  to quit.


Package Fancyhdr Warning: \headheight is too small (12.0pt): 
 Make it at least 14.49998pt.
 We now make it that large for the rest of the document.
 This may cause the page layout to be inconsistent, however.

[35]
Overfull \hbox (10.89313pt too wide) in paragraph at lines 1039--1039
[]\OT1/cmr/bx/n/17.28 FUNCTIONAL MODEL AND DE-SCRIP-TION 
 []

Missing character: There is no ‚ in font cmr12!
Missing character: There is no Ä in font cmr12!
Missing character: There is no î in font cmr12!

Package Fancyhdr Warning: \headheight is too small (12.0pt): 
 Make it at least 14.49998pt.
 We now make it that large for the rest of the document.
 This may cause the page layout to be inconsistent, however.

[36]

LaTeX Warning: File `level0.png' not found on input line 1063.


! Package pdftex.def Error: File `level0.png' not found.

See the pdftex.def package documentation for explanation.
Type  H <return>  for immediate help.
 ...                                              
                                                  
l.1063 ...lebox{0.7}{\includegraphics{level0.png}}
                                                  
Using draft setting for this image.
Try typing  <return>  to proceed.
If that doesn't work, type  X <return>  to quit.


Package Fancyhdr Warning: \headheight is too small (12.0pt): 
 Make it at least 14.49998pt.
 We now make it that large for the rest of the document.
 This may cause the page layout to be inconsistent, however.

[37]

LaTeX Warning: File `Level1.png' not found on input line 1072.


! Package pdftex.def Error: File `Level1.png' not found.

See the pdftex.def package documentation for explanation.
Type  H <return>  for immediate help.
 ...                                              
                                                  
l.1072 ...lebox{0.7}{\includegraphics{Level1.png}}
                                                  
Using draft setting for this image.
Try typing  <return>  to proceed.
If that doesn't work, type  X <return>  to quit.


LaTeX Warning: File `1.png' not found on input line 1083.


! Package pdftex.def Error: File `1.png' not found.

See the pdftex.def package documentation for explanation.
Type  H <return>  for immediate help.
 ...                                              
                                                  
l.1083 		\scalebox{1}{\includegraphics{1.png}}
                                              
Using draft setting for this image.
Try typing  <return>  to proceed.
If that doesn't work, type  X <return>  to quit.


Package Fancyhdr Warning: \headheight is too small (12.0pt): 
 Make it at least 14.49998pt.
 We now make it that large for the rest of the document.
 This may cause the page layout to be inconsistent, however.

[38]

LaTeX Warning: File `2.png' not found on input line 1090.


! Package pdftex.def Error: File `2.png' not found.

See the pdftex.def package documentation for explanation.
Type  H <return>  for immediate help.
 ...                                              
                                                  
l.1090 		\scalebox{1}{\includegraphics{2.png}}
                                              
Using draft setting for this image.
Try typing  <return>  to proceed.
If that doesn't work, type  X <return>  to quit.


Underfull \hbox (badness 10000) in paragraph at lines 1105--1106

 []


Package Fancyhdr Warning: \headheight is too small (12.0pt): 
 Make it at least 14.49998pt.
 We now make it that large for the rest of the document.
 This may cause the page layout to be inconsistent, however.

[39]
Missing character: There is no ‚ in font cmr12!
Missing character: There is no Ä in font cmr12!
Missing character: There is no ì in font cmr12!


Package Fancyhdr Warning: \headheight is too small (12.0pt): 
 Make it at least 14.49998pt.
 We now make it that large for the rest of the document.
 This may cause the page layout to be inconsistent, however.

[40]
Missing character: There is no ‚ in font cmr12!
Missing character: There is no Ä in font cmr12!
Missing character: There is no ò in font cmr12!
Missing character: There is no ‚ in font cmr12!
Missing character: There is no Ä in font cmr12!
Missing character: There is no ô in font cmr12!


Package Fancyhdr Warning: \headheight is too small (12.0pt): 
 Make it at least 14.49998pt.
 We now make it that large for the rest of the document.
 This may cause the page layout to be inconsistent, however.

[41]
Missing character: There is no ‚ in font cmr12!
Missing character: There is no Ä in font cmr12!
Missing character: There is no î in font cmr12!

Underfull \hbox (badness 10000) in paragraph at lines 1189--1190

 []


Package Fancyhdr Warning: \headheight is too small (12.0pt): 
 Make it at least 14.49998pt.
 We now make it that large for the rest of the document.
 This may cause the page layout to be inconsistent, however.

[42]

LaTeX Warning: File `6.png' not found on input line 1193.


! Package pdftex.def Error: File `6.png' not found.

See the pdftex.def package documentation for explanation.
Type  H <return>  for immediate help.
 ...                                              
                                                  
l.1193 		\scalebox{0.7}{\includegraphics{6.png}}
                                                
Using draft setting for this image.
Try typing  <return>  to proceed.
If that doesn't work, type  X <return>  to quit.


Overfull \hbox (2.94395pt too wide) in paragraph at lines 1200--1201
[]\OT1/cmr/m/n/12 The an-droid ver-sion used in the app should be higher than J
elly[]bean[]MR2(4.3+) 
 []


Package Fancyhdr Warning: \headheight is too small (12.0pt): 
 Make it at least 14.49998pt.
 We now make it that large for the rest of the document.
 This may cause the page layout to be inconsistent, however.

[43]
Chapter 7.
[44

]

Package Fancyhdr Warning: \headheight is too small (12.0pt): 
 Make it at least 14.49998pt.
 We now make it that large for the rest of the document.
 This may cause the page layout to be inconsistent, however.

[45]

LaTeX Warning: File `8.png' not found on input line 1245.


! Package pdftex.def Error: File `8.png' not found.

See the pdftex.def package documentation for explanation.
Type  H <return>  for immediate help.
 ...                                              
                                                  
l.1245 		\scalebox{0.7}{\includegraphics{8.png}}
                                                
Using draft setting for this image.
Try typing  <return>  to proceed.
If that doesn't work, type  X <return>  to quit.


Underfull \hbox (badness 10000) in paragraph at lines 1251--1253

 []


Package Fancyhdr Warning: \headheight is too small (12.0pt): 
 Make it at least 14.49998pt.
 We now make it that large for the rest of the document.
 This may cause the page layout to be inconsistent, however.

[46]
Underfull \hbox (badness 10000) in paragraph at lines 1267--1269

 []

Missing character: There is no ‚ in font cmr12!
Missing character: There is no Ä in font cmr12!
Missing character: There is no î in font cmr12!
Missing character: There is no ‚ in font cmr12!
Missing character: There is no Ä in font cmr12!
Missing character: There is no î in font cmr12!
Missing character: There is no ‚ in font cmr12!
Missing character: There is no Ä in font cmr12!
Missing character: There is no î in font cmr12!
Missing character: There is no ‚ in font cmr12!
Missing character: There is no Ä in font cmr12!
Missing character: There is no î in font cmr12!

Underfull \hbox (badness 10000) in paragraph at lines 1285--1285
[]|\OT1/cmr/bx/n/12 Technical Spec-i-fi-
 []


Underfull \hbox (badness 10000) in paragraph at lines 1285--1285
[]|\OT1/cmr/bx/n/12 Classic Blue-tooth
 []


Underfull \hbox (badness 2932) in paragraph at lines 1285--1286
[]| \OT1/cmr/bx/n/12 Blue-tooth Tech-
 []

Missing character: There is no ‚ in font cmr12!
Missing character: There is no Ä in font cmr12!
Missing character: There is no ì in font cmr12!

Underfull \hbox (badness 2564) in paragraph at lines 1291--1291
[]|\OT1/cmr/m/n/12 Application through-
 []

Missing character: There is no ‚ in font cmr12!
Missing character: There is no Ä in font cmr12!
Missing character: There is no ì in font cmr12!

Underfull \hbox (badness 2828) in paragraph at lines 1293--1294
[]|\OT1/cmr/m/n/12 Not de-fined; im-ple-
 []


Underfull \hbox (badness 10000) in paragraph at lines 1295--1296
[]|\OT1/cmr/m/n/12 128-bit AES with
 []


Underfull \hbox (badness 10000) in paragraph at lines 1297--1298
[]|\OT1/cmr/m/n/12 Adaptive fast fre-
 []


Underfull \hbox (badness 10000) in paragraph at lines 1297--1298
\OT1/cmr/m/n/12 quency hop-ping,
 []


Underfull \hbox (badness 10000) in paragraph at lines 1298--1299
[]|\OT1/cmr/m/n/12 Adaptive fre-quency
 []


Underfull \hbox (badness 8000) in paragraph at lines 1298--1299
\OT1/cmr/m/n/12 hop-ping, Lazy Ac-
 []


Underfull \hbox (badness 10000) in paragraph at lines 1298--1299
\OT1/cmr/m/n/12 knowl-edge-ment,
 []


Underfull \hbox (badness 10000) in paragraph at lines 1298--1299
\OT1/cmr/m/n/12 24-bit CRC, 32-bit
 []


Underfull \hbox (badness 10000) in paragraph at lines 1298--1299
\OT1/cmr/m/n/12 Mes-sage In-tegrity
 []


Underfull \hbox (badness 10000) in paragraph at lines 1302--1302
[]|\OT1/cmr/m/n/12 Minimum to-tal
 []


Underfull \hbox (badness 6001) in paragraph at lines 1302--1302
\OT1/cmr/m/n/12 time to send data
 []


Underfull \hbox (badness 1540) in paragraph at lines 1308--1309
[]|\OT1/cmr/m/n/12 0.01 to 0.5 W (de-
 []


Underfull \hbox (badness 10000) in paragraph at lines 1310--1310
[]|\OT1/cmr/m/n/12 Peak cur-rent con-
 []


Underfull \hbox (badness 10000) in paragraph at lines 1312--1312
\OT1/cmr/m/n/12 au-dio stream-ing,
 []


Underfull \hbox (badness 2856) in paragraph at lines 1312--1312
\OT1/cmr/m/n/12 smart homes, wear-
 []


Underfull \hbox (badness 10000) in paragraph at lines 1312--1312
\OT1/cmr/m/n/12 ables, au-to-mo-tive,
 []


Underfull \hbox (badness 6332) in paragraph at lines 1312--1313
\OT1/cmr/m/n/12 ing, PCs, watches,
 []


Underfull \hbox (badness 10000) in paragraph at lines 1312--1313
\OT1/cmr/m/n/12 sports and fit-ness,
 []


Underfull \hbox (badness 10000) in paragraph at lines 1312--1313
\OT1/cmr/m/n/12 health-care, se-cu-
 []


Underfull \hbox (badness 7981) in paragraph at lines 1312--1313
\OT1/cmr/m/n/12 rity and prox-im-ity,
 []


Underfull \hbox (badness 10000) in paragraph at lines 1312--1313
\OT1/cmr/m/n/12 au-to-mo-tive, home
 []


Underfull \hbox (badness 8132) in paragraph at lines 1312--1313
\OT1/cmr/m/n/12 elec-tron-ics, au-toma-
 []


Package Fancyhdr Warning: \headheight is too small (12.0pt): 
 Make it at least 14.49998pt.
 We now make it that large for the rest of the document.
 This may cause the page layout to be inconsistent, however.

[47]

Package Fancyhdr Warning: \headheight is too small (12.0pt): 
 Make it at least 14.49998pt.
 We now make it that large for the rest of the document.
 This may cause the page layout to be inconsistent, however.

[48]
Missing character: There is no ‚ in font cmr12!
Missing character: There is no Ä in font cmr12!
Missing character: There is no ¶ in font cmr12!


Package Fancyhdr Warning: \headheight is too small (12.0pt): 
 Make it at least 14.49998pt.
 We now make it that large for the rest of the document.
 This may cause the page layout to be inconsistent, however.

[49]

Package Fancyhdr Warning: \headheight is too small (12.0pt): 
 Make it at least 14.49998pt.
 We now make it that large for the rest of the document.
 This may cause the page layout to be inconsistent, however.

[50]

Package Fancyhdr Warning: \headheight is too small (12.0pt): 
 Make it at least 14.49998pt.
 We now make it that large for the rest of the document.
 This may cause the page layout to be inconsistent, however.

[51]

LaTeX Warning: File `9.png' not found on input line 1370.


! Package pdftex.def Error: File `9.png' not found.

See the pdftex.def package documentation for explanation.
Type  H <return>  for immediate help.
 ...                                              
                                                  
l.1370 		\scalebox{0.8}{\includegraphics{9.png}}
                                                
Using draft setting for this image.
Try typing  <return>  to proceed.
If that doesn't work, type  X <return>  to quit.


Package Fancyhdr Warning: \headheight is too small (12.0pt): 
 Make it at least 14.49998pt.
 We now make it that large for the rest of the document.
 This may cause the page layout to be inconsistent, however.

[52]
Missing character: There is no ‚ in font cmr12!
Missing character: There is no Ä in font cmr12!
Missing character: There is no î in font cmr12!
Missing character: There is no ‚ in font cmr12!
Missing character: There is no Ä in font cmr12!
Missing character: There is no î in font cmr12!


Package Fancyhdr Warning: \headheight is too small (12.0pt): 
 Make it at least 14.49998pt.
 We now make it that large for the rest of the document.
 This may cause the page layout to be inconsistent, however.

[53]

Package Fancyhdr Warning: \headheight is too small (12.0pt): 
 Make it at least 14.49998pt.
 We now make it that large for the rest of the document.
 This may cause the page layout to be inconsistent, however.

[54]
Missing character: There is no ‚ in font cmr12!
Missing character: There is no Ä in font cmr12!
Missing character: There is no ì in font cmr12!


LaTeX Warning: File `11.png' not found on input line 1429.


! Package pdftex.def Error: File `11.png' not found.

See the pdftex.def package documentation for explanation.
Type  H <return>  for immediate help.
 ...                                              
                                                  
l.1429 		\scalebox{0.8}{\includegraphics{11.png}}
                                                 
Using draft setting for this image.
Try typing  <return>  to proceed.
If that doesn't work, type  X <return>  to quit.


Package Fancyhdr Warning: \headheight is too small (12.0pt): 
 Make it at least 14.49998pt.
 We now make it that large for the rest of the document.
 This may cause the page layout to be inconsistent, however.

[55]
Chapter 8.
[56

]

Package Fancyhdr Warning: \headheight is too small (12.0pt): 
 Make it at least 14.49998pt.
 We now make it that large for the rest of the document.
 This may cause the page layout to be inconsistent, however.

[57]
Overfull \hbox (2.83951pt too wide) in paragraph at lines 1479--1481
[]\OT1/cmr/m/n/12 The app is run-ning in back-ground in the phone.If: In-com-in
g no-ti-fi-ca-tion received-
 []


Overfull \hbox (17.27095pt too wide) in paragraph at lines 1484--1484
[]\OT1/cmr/bx/n/17.28 VERIFICATION AND VAL-I-DA-TION FOR AC-
 []


Package Fancyhdr Warning: \headheight is too small (12.0pt): 
 Make it at least 14.49998pt.
 We now make it that large for the rest of the document.
 This may cause the page layout to be inconsistent, however.

[58]

Package Fancyhdr Warning: \headheight is too small (12.0pt): 
 Make it at least 14.49998pt.
 We now make it that large for the rest of the document.
 This may cause the page layout to be inconsistent, however.

[59]
Chapter 9.
[60

]

Package Fancyhdr Warning: \headheight is too small (12.0pt): 
 Make it at least 14.49998pt.
 We now make it that large for the rest of the document.
 This may cause the page layout to be inconsistent, however.

[61]
Overfull \hbox (4.71938pt too wide) in paragraph at lines 1560--1560
[]|\OT1/cmr/m/n/12 Steps| 
 []


Underfull \hbox (badness 10000) in paragraph at lines 1562--1562
[]|\OT1/cmr/m/n/12 Check
 []


Underfull \hbox (badness 10000) in paragraph at lines 1562--1562
\OT1/cmr/m/n/12 whether
 []


Underfull \hbox (badness 10000) in paragraph at lines 1562--1562
\OT1/cmr/m/n/12 the ap-pli-
 []


Underfull \hbox (badness 10000) in paragraph at lines 1562--1562
\OT1/cmr/m/n/12 ca-tion gets
 []


Underfull \hbox (badness 1424) in paragraph at lines 1562--1562
[]|\OT1/cmr/m/n/12 The app starts
 []


Underfull \hbox (badness 1424) in paragraph at lines 1562--1562
[]|\OT1/cmr/m/n/12 The app starts
 []


Underfull \hbox (badness 10000) in paragraph at lines 1564--1564
[]|\OT1/cmr/m/n/12 Check if
 []


Underfull \hbox (badness 10000) in paragraph at lines 1564--1564
\OT1/cmr/m/n/12 avail-able
 []


Underfull \hbox (badness 10000) in paragraph at lines 1564--1564
\OT1/cmr/m/n/12 de-vices for
 []


Underfull \hbox (badness 10000) in paragraph at lines 1564--1564
\OT1/cmr/m/n/12 con-nec-tion
 []


Underfull \hbox (badness 10000) in paragraph at lines 1564--1564
[]|\OT1/cmr/m/n/12 Available de-
 []


Underfull \hbox (badness 10000) in paragraph at lines 1564--1564
\OT1/cmr/m/n/12 vices in-for-ma-
 []


Underfull \hbox (badness 6944) in paragraph at lines 1564--1564
[]|\OT1/cmr/m/n/12 All de-vices in
 []


Underfull \hbox (badness 10000) in paragraph at lines 1564--1564
[]|\OT1/cmr/m/n/12 All de-vice in
 []


Underfull \hbox (badness 10000) in paragraph at lines 1566--1566
[]|\OT1/cmr/m/n/12 Check if
 []


Underfull \hbox (badness 10000) in paragraph at lines 1566--1566
\OT1/cmr/m/n/12 the se-lected
 []


Underfull \hbox (badness 10000) in paragraph at lines 1566--1566
\OT1/cmr/m/n/12 de-vice gets
 []


Underfull \hbox (badness 10000) in paragraph at lines 1566--1566
[]|\OT1/cmr/m/n/12 Successful con-
 []


Underfull \hbox (badness 10000) in paragraph at lines 1566--1566
\OT1/cmr/m/n/12 nec-tion and
 []


Underfull \hbox (badness 3439) in paragraph at lines 1566--1566
\OT1/cmr/m/n/12 de-vice in-for-ma-
 []


Underfull \hbox (badness 10000) in paragraph at lines 1566--1566
[]|\OT1/cmr/m/n/12 Successful con-
 []


Underfull \hbox (badness 10000) in paragraph at lines 1566--1566
\OT1/cmr/m/n/12 nec-tion and
 []


Underfull \hbox (badness 3439) in paragraph at lines 1566--1566
\OT1/cmr/m/n/12 de-vice in-for-ma-
 []


Underfull \hbox (badness 10000) in paragraph at lines 1568--1568
[]|\OT1/cmr/m/n/12 Check if
 []


Underfull \hbox (badness 10000) in paragraph at lines 1568--1568
\OT1/cmr/m/n/12 con-nec-tion
 []


Underfull \hbox (badness 6995) in paragraph at lines 1568--1568
\OT1/cmr/m/n/12 oc-curs when
 []


Underfull \hbox (badness 10000) in paragraph at lines 1568--1568
[]|\OT1/cmr/m/n/12 Abruptly dis-
 []


Overfull \hbox (52.46448pt too wide) in paragraph at lines 1536--1571
[][] 
 []


LaTeX Warning: `!h' float specifier changed to `!ht'.


Overfull \hbox (4.71938pt too wide) in paragraph at lines 1599--1599
[]|\OT1/cmr/m/n/12 Steps| 
 []


Underfull \hbox (badness 10000) in paragraph at lines 1601--1601
[]|\OT1/cmr/m/n/12 Check
 []


Underfull \hbox (badness 10000) in paragraph at lines 1601--1601
\OT1/cmr/m/n/12 whether
 []


Underfull \hbox (badness 10000) in paragraph at lines 1601--1601
\OT1/cmr/m/n/12 vi-brate key
 []


Underfull \hbox (badness 10000) in paragraph at lines 1601--1601
\OT1/cmr/m/n/12 is work-ing
 []


Underfull \hbox (badness 6428) in paragraph at lines 1601--1601
[]|\OT1/cmr/m/n/12 Vibration Byte
 []


Underfull \hbox (badness 1052) in paragraph at lines 1601--1601
[]|\OT1/cmr/m/n/12 Key is work-ing
 []


Underfull \hbox (badness 10000) in paragraph at lines 1603--1603
[]|\OT1/cmr/m/n/12 Check if
 []


Underfull \hbox (badness 10000) in paragraph at lines 1603--1603
\OT1/cmr/m/n/12 vi-bra-tion
 []


Underfull \hbox (badness 10000) in paragraph at lines 1603--1603
[]|\OT1/cmr/m/n/12 Device should
 []


Overfull \hbox (52.46448pt too wide) in paragraph at lines 1575--1606
[][] 
 []


LaTeX Warning: `!h' float specifier changed to `!ht'.


Overfull \hbox (4.71938pt too wide) in paragraph at lines 1634--1634
[]|\OT1/cmr/m/n/12 Steps| 
 []


Underfull \hbox (badness 10000) in paragraph at lines 1636--1636
[]|\OT1/cmr/m/n/12 Check
 []


Underfull \hbox (badness 10000) in paragraph at lines 1636--1636
\OT1/cmr/m/n/12 whether
 []


Underfull \hbox (badness 10000) in paragraph at lines 1636--1636
\OT1/cmr/m/n/12 de-vice vi-
 []


Underfull \hbox (badness 10000) in paragraph at lines 1636--1636
[]|\OT1/cmr/m/n/12 Notification
 []


Underfull \hbox (badness 3601) in paragraph at lines 1636--1636
[]|\OT1/cmr/m/n/12 Device vi-brates
 []


Underfull \hbox (badness 3601) in paragraph at lines 1636--1636
[]|\OT1/cmr/m/n/12 Device vi-brates
 []


Underfull \hbox (badness 1400) in paragraph at lines 1638--1638
[]|\OT1/cmr/m/n/12 Check if de-
 []


Underfull \hbox (badness 1248) in paragraph at lines 1638--1638
\OT1/cmr/m/n/12 vice vi-brated
 []


Underfull \hbox (badness 1708) in paragraph at lines 1638--1638
\OT1/cmr/m/n/12 when out of
 []


Underfull \hbox (badness 10000) in paragraph at lines 1638--1638
[]|\OT1/cmr/m/n/12 Notification
 []


Underfull \hbox (badness 10000) in paragraph at lines 1638--1638
[]|\OT1/cmr/m/n/12 Device dis-con-
 []


Overfull \hbox (52.46448pt too wide) in paragraph at lines 1610--1642
[][] 
 []


LaTeX Warning: `!h' float specifier changed to `!ht'.


Overfull \hbox (4.71938pt too wide) in paragraph at lines 1670--1670
[]|\OT1/cmr/m/n/12 Steps| 
 []


Underfull \hbox (badness 10000) in paragraph at lines 1672--1672
[]|\OT1/cmr/m/n/12 Check
 []


Underfull \hbox (badness 10000) in paragraph at lines 1672--1672
\OT1/cmr/m/n/12 whether
 []


Underfull \hbox (badness 10000) in paragraph at lines 1672--1672
\OT1/cmr/m/n/12 de-vice vi-
 []


Underfull \hbox (badness 10000) in paragraph at lines 1672--1672
[]|\OT1/cmr/m/n/12 Notification
 []


Underfull \hbox (badness 3601) in paragraph at lines 1672--1672
[]|\OT1/cmr/m/n/12 Device vi-brates
 []


Underfull \hbox (badness 3601) in paragraph at lines 1672--1672
[]|\OT1/cmr/m/n/12 Device vi-brates
 []


Underfull \hbox (badness 1400) in paragraph at lines 1674--1674
[]|\OT1/cmr/m/n/12 Check if de-
 []


Underfull \hbox (badness 1248) in paragraph at lines 1674--1674
\OT1/cmr/m/n/12 vice vi-brated
 []


Underfull \hbox (badness 1708) in paragraph at lines 1674--1674
\OT1/cmr/m/n/12 when out of
 []


Underfull \hbox (badness 10000) in paragraph at lines 1674--1674
[]|\OT1/cmr/m/n/12 Notification
 []


Underfull \hbox (badness 10000) in paragraph at lines 1674--1674
[]|\OT1/cmr/m/n/12 Device dis-con-
 []


Overfull \hbox (52.46448pt too wide) in paragraph at lines 1646--1678
[][] 
 []


LaTeX Warning: `!h' float specifier changed to `!ht'.


Overfull \hbox (4.71938pt too wide) in paragraph at lines 1706--1706
[]|\OT1/cmr/m/n/12 Steps| 
 []


Underfull \hbox (badness 10000) in paragraph at lines 1708--1708
[]|\OT1/cmr/m/n/12 Check
 []


Underfull \hbox (badness 10000) in paragraph at lines 1708--1708
\OT1/cmr/m/n/12 whether
 []


Underfull \hbox (badness 10000) in paragraph at lines 1708--1708
\OT1/cmr/m/n/12 de-vice vi-
 []


Underfull \hbox (badness 10000) in paragraph at lines 1708--1708
[]|\OT1/cmr/m/n/12 Notification
 []


Underfull \hbox (badness 3601) in paragraph at lines 1708--1708
[]|\OT1/cmr/m/n/12 Device vi-brates
 []


Underfull \hbox (badness 3601) in paragraph at lines 1708--1708
[]|\OT1/cmr/m/n/12 Device vi-brates
 []


Underfull \hbox (badness 1400) in paragraph at lines 1710--1710
[]|\OT1/cmr/m/n/12 Check if de-
 []


Underfull \hbox (badness 1248) in paragraph at lines 1710--1710
\OT1/cmr/m/n/12 vice vi-brated
 []


Underfull \hbox (badness 1708) in paragraph at lines 1710--1710
\OT1/cmr/m/n/12 when out of
 []


Underfull \hbox (badness 10000) in paragraph at lines 1710--1710
[]|\OT1/cmr/m/n/12 Notification
 []


Underfull \hbox (badness 10000) in paragraph at lines 1710--1710
[]|\OT1/cmr/m/n/12 Device dis-con-
 []


Overfull \hbox (59.73628pt too wide) in paragraph at lines 1682--1714
[][] 
 []


LaTeX Warning: `!h' float specifier changed to `!ht'.


Package Fancyhdr Warning: \headheight is too small (12.0pt): 
 Make it at least 14.49998pt.
 We now make it that large for the rest of the document.
 This may cause the page layout to be inconsistent, however.

[62]

Package Fancyhdr Warning: \headheight is too small (12.0pt): 
 Make it at least 14.49998pt.
 We now make it that large for the rest of the document.
 This may cause the page layout to be inconsistent, however.

[63]

Package Fancyhdr Warning: \headheight is too small (12.0pt): 
 Make it at least 14.49998pt.
 We now make it that large for the rest of the document.
 This may cause the page layout to be inconsistent, however.

[64]

Package Fancyhdr Warning: \headheight is too small (12.0pt): 
 Make it at least 14.49998pt.
 We now make it that large for the rest of the document.
 This may cause the page layout to be inconsistent, however.

[65]
Chapter 10.
[66

]

LaTeX Warning: File `14 (1).png' not found on input line 1722.


! Package pdftex.def Error: File `14 (1).png' not found.

See the pdftex.def package documentation for explanation.
Type  H <return>  for immediate help.
 ...                                              
                                                  
l.1722 ...ebox{0.15}{\includegraphics{14 (1).png}}
                                                  
Using draft setting for this image.
Try typing  <return>  to proceed.
If that doesn't work, type  X <return>  to quit.


LaTeX Warning: File `14 (2).png' not found on input line 1728.


! Package pdftex.def Error: File `14 (2).png' not found.

See the pdftex.def package documentation for explanation.
Type  H <return>  for immediate help.
 ...                                              
                                                  
l.1728 ...ebox{0.15}{\includegraphics{14 (2).png}}
                                                  
Using draft setting for this image.
Try typing  <return>  to proceed.
If that doesn't work, type  X <return>  to quit.


LaTeX Warning: File `14 (3).png' not found on input line 1733.


! Package pdftex.def Error: File `14 (3).png' not found.

See the pdftex.def package documentation for explanation.
Type  H <return>  for immediate help.
 ...                                              
                                                  
l.1733 ...ebox{0.15}{\includegraphics{14 (3).png}}
                                                  
Using draft setting for this image.
Try typing  <return>  to proceed.
If that doesn't work, type  X <return>  to quit.


LaTeX Warning: File `14 (4).png' not found on input line 1738.


! Package pdftex.def Error: File `14 (4).png' not found.

See the pdftex.def package documentation for explanation.
Type  H <return>  for immediate help.
 ...                                              
                                                  
l.1738 ...ebox{0.15}{\includegraphics{14 (4).png}}
                                                  
Using draft setting for this image.
Try typing  <return>  to proceed.
If that doesn't work, type  X <return>  to quit.


LaTeX Warning: File `14 (5).png' not found on input line 1743.


! Package pdftex.def Error: File `14 (5).png' not found.

See the pdftex.def package documentation for explanation.
Type  H <return>  for immediate help.
 ...                                              
                                                  
l.1743 ...ebox{0.15}{\includegraphics{14 (5).png}}
                                                  
Using draft setting for this image.
Try typing  <return>  to proceed.
If that doesn't work, type  X <return>  to quit.


Package Fancyhdr Warning: \headheight is too small (12.0pt): 
 Make it at least 14.49998pt.
 We now make it that large for the rest of the document.
 This may cause the page layout to be inconsistent, however.

[67]
Chapter 11.
[68

]
Overfull \hbox (2.73517pt too wide) in paragraph at lines 1750--1750
[]\OT1/cmr/bx/n/17.28 INSTALLATION AND UN-INSTALLATION 
 []


Package Fancyhdr Warning: \headheight is too small (12.0pt): 
 Make it at least 14.49998pt.
 We now make it that large for the rest of the document.
 This may cause the page layout to be inconsistent, however.

[69]
Chapter 12.
[70

]
Underfull \hbox (badness 10000) in paragraph at lines 1771--1773

 []


Underfull \hbox (badness 10000) in paragraph at lines 1771--1773

 []


Underfull \hbox (badness 10000) in paragraph at lines 1774--1775

 []


Package Fancyhdr Warning: \headheight is too small (12.0pt): 
 Make it at least 14.49998pt.
 We now make it that large for the rest of the document.
 This may cause the page layout to be inconsistent, however.

[71]
Chapter 13.
[72

] [73

pdfTeX warning (ext4): destination with the same identifier (name{cite.IEEEhowt
o:Wu}) has been already used, duplicate ignored

\AtBegShi@Output ...ipout \box \AtBeginShipoutBox 
                                                  \fi \fi 
l.1808 \chapter
               {LABORATORY ASSIGNMENTS ON PROJECT ANALYSIS OF ALGORITHM DESIGN}
pdfTeX warning (ext4): destination with the same identifier (name{cite.IEEEhowt
o:Wu}) has been already used, duplicate ignored

\AtBegShi@Output ...ipout \box \AtBeginShipoutBox 
                                                  \fi \fi 
l.1808 \chapter
               {LABORATORY ASSIGNMENTS ON PROJECT ANALYSIS OF ALGORITHM DESIGN}
pdfTeX warning (ext4): destination with the same identifier (name{cite.IEEEhowt
o:Wu}) has been already used, duplicate ignored

\AtBegShi@Output ...ipout \box \AtBeginShipoutBox 
                                                  \fi \fi 
l.1808 \chapter
               {LABORATORY ASSIGNMENTS ON PROJECT ANALYSIS OF ALGORITHM DESIGN}
pdfTeX warning (ext4): destination with the same identifier (name{cite.IEEEhowt
o:Wu}) has been already used, duplicate ignored

\AtBegShi@Output ...ipout \box \AtBeginShipoutBox 
                                                  \fi \fi 
l.1808 \chapter
               {LABORATORY ASSIGNMENTS ON PROJECT ANALYSIS OF ALGORITHM DESIGN}
]
Annexure A.
[74

]

Package Fancyhdr Warning: \headheight is too small (12.0pt): 
 Make it at least 14.49998pt.
 We now make it that large for the rest of the document.
 This may cause the page layout to be inconsistent, however.

[75]
Underfull \hbox (badness 10000) in paragraph at lines 1855--1856

 []


Overfull \hbox (1.53831pt too wide) in paragraph at lines 1863--1865
\OT1/cmr/m/n/12 In com-pu-ta-tional com-plex-ity the-ory, a de-ci-sion prob-lem
 is NP-complete
 []


Underfull \hbox (badness 10000) in paragraph at lines 1863--1865

 []

Missing character: There is no ‚ in font cmr12!
Missing character: There is no Ä in font cmr12!
Missing character: There is no ò in font cmr12!
Missing character: There is no ‚ in font cmr12!
Missing character: There is no Ä in font cmr12!
Missing character: There is no ô in font cmr12!

Package Fancyhdr Warning: \headheight is too small (12.0pt): 
 Make it at least 14.49998pt.
 We now make it that large for the rest of the document.
 This may cause the page layout to be inconsistent, however.

[76]

Package Fancyhdr Warning: \headheight is too small (12.0pt): 
 Make it at least 14.49998pt.
 We now make it that large for the rest of the document.
 This may cause the page layout to be inconsistent, however.

[77]
Annexure B.
[78

]

LaTeX Warning: File `DividenConquers.png' not found on input line 1905.


! Package pdftex.def Error: File `DividenConquers.png' not found.

See the pdftex.def package documentation for explanation.
Type  H <return>  for immediate help.
 ...                                              
                                                  
l.1905 ...}{\includegraphics{DividenConquers.png}}
                                                  
Using draft setting for this image.
Try typing  <return>  to proceed.
If that doesn't work, type  X <return>  to quit.

Missing character: There is no ‚ in font cmr12!
Missing character: There is no Ü in font cmr12!
Missing character: There is no í in font cmr12!

Package Fancyhdr Warning: \headheight is too small (12.0pt): 
 Make it at least 14.49998pt.
 We now make it that large for the rest of the document.
 This may cause the page layout to be inconsistent, however.

[79]

LaTeX Warning: File `functndep.png' not found on input line 1928.


! Package pdftex.def Error: File `functndep.png' not found.

See the pdftex.def package documentation for explanation.
Type  H <return>  for immediate help.
 ...                                              
                                                  
l.1928 ...ox{0.7}{\includegraphics{functndep.png}}
                                                  
Using draft setting for this image.
Try typing  <return>  to proceed.
If that doesn't work, type  X <return>  to quit.


Package Fancyhdr Warning: \headheight is too small (12.0pt): 
 Make it at least 14.49998pt.
 We now make it that large for the rest of the document.
 This may cause the page layout to be inconsistent, however.

[80]

Package Fancyhdr Warning: \headheight is too small (12.0pt): 
 Make it at least 14.49998pt.
 We now make it that large for the rest of the document.
 This may cause the page layout to be inconsistent, however.

[81]

Package Fancyhdr Warning: \headheight is too small (12.0pt): 
 Make it at least 14.49998pt.
 We now make it that large for the rest of the document.
 This may cause the page layout to be inconsistent, however.

[82]

Package Fancyhdr Warning: \headheight is too small (12.0pt): 
 Make it at least 14.49998pt.
 We now make it that large for the rest of the document.
 This may cause the page layout to be inconsistent, however.

[83]
Annexure C.
[84

]
Underfull \hbox (badness 10000) in paragraph at lines 2003--2003
[]|\OT1/cmr/m/n/12 Group For-
 []


Underfull \hbox (badness 10000) in paragraph at lines 2003--2003
\OT1/cmr/m/n/12 ma-tion and
 []


Underfull \hbox (badness 3189) in paragraph at lines 2009--2009
[]|\OT1/cmr/m/n/12 Preliminary In-
 []


Underfull \hbox (badness 10000) in paragraph at lines 2012--2012
[]|\OT1/cmr/m/n/12 Project Dic-
 []


Underfull \hbox (badness 10000) in paragraph at lines 2012--2012
\OT1/cmr/m/n/12 sus-sion with
 []


Underfull \hbox (badness 1571) in paragraph at lines 2012--2012
\OT1/cmr/m/n/12 Project Co-or-di-
 []


Underfull \hbox (badness 1303) in paragraph at lines 2015--2015
[]|\OT1/cmr/m/n/12 Synopsis prepa-
 []


Underfull \hbox (badness 10000) in paragraph at lines 2024--2024
[]|\OT1/cmr/m/n/12 Preparing In-
 []


Underfull \hbox (badness 10000) in paragraph at lines 2030--2030
[]|\OT1/cmr/m/n/12 Android and
 []


Underfull \hbox (badness 10000) in paragraph at lines 2030--2030
\OT1/cmr/m/n/12 Blue-tooth LE
 []


Underfull \hbox (badness 10000) in paragraph at lines 2042--2042
[]|\OT1/cmr/m/n/12 Final Project
 []


Package Fancyhdr Warning: \headheight is too small (12.0pt): 
 Make it at least 14.49998pt.
 We now make it that large for the rest of the document.
 This may cause the page layout to be inconsistent, however.

[85]
Annexure D.
[86

]

Package Fancyhdr Warning: \headheight is too small (12.0pt): 
 Make it at least 14.49998pt.
 We now make it that large for the rest of the document.
 This may cause the page layout to be inconsistent, however.

[87]

Package Fancyhdr Warning: \headheight is too small (12.0pt): 
 Make it at least 14.49998pt.
 We now make it that large for the rest of the document.
 This may cause the page layout to be inconsistent, however.

[88]

Package Fancyhdr Warning: \headheight is too small (12.0pt): 
 Make it at least 14.49998pt.
 We now make it that large for the rest of the document.
 This may cause the page layout to be inconsistent, however.

[89]
Annexure E.
[90

]

LaTeX Warning: File `mihika.jpg' not found on input line 2092.


! Package pdftex.def Error: File `mihika.jpg' not found.

See the pdftex.def package documentation for explanation.
Type  H <return>  for immediate help.
 ...                                              
                                                  
l.2092 ...\includegraphics[width=90pt]{mihika.jpg}
                                                  
Using draft setting for this image.
Try typing  <return>  to proceed.
If that doesn't work, type  X <return>  to quit.


Overfull \hbox (48.74355pt too wide) in paragraph at lines 2092--2093
[]\OT1/cmr/m/n/12 Name : Mi-hika Desh-pande  [] 
 []


Package Fancyhdr Warning: \headheight is too small (12.0pt): 
 Make it at least 14.49998pt.
 We now make it that large for the rest of the document.
 This may cause the page layout to be inconsistent, however.

[91]

LaTeX Warning: File `scan6.jpg' not found on input line 2105.


! Package pdftex.def Error: File `scan6.jpg' not found.

See the pdftex.def package documentation for explanation.
Type  H <return>  for immediate help.
 ...                                              
                                                  
l.2105 ...}\includegraphics[width=90pt]{scan6.jpg}
                                                  
Using draft setting for this image.
Try typing  <return>  to proceed.
If that doesn't work, type  X <return>  to quit.


Overfull \hbox (26.8146pt too wide) in paragraph at lines 2105--2106
[]\OT1/cmr/m/n/12 Name : Tarini Par-i-har  [] 
 []


Overfull \hbox (20.76111pt too wide) in paragraph at lines 2108--2109
[]\OT1/cmr/m/n/12 Permanent Ad-dress: Plot No. 51, Vas-ant Na-gar, Jawa-har Col
ony road, Aurangabad-
 []


Package Fancyhdr Warning: \headheight is too small (12.0pt): 
 Make it at least 14.49998pt.
 We now make it that large for the rest of the document.
 This may cause the page layout to be inconsistent, however.

[92]

LaTeX Warning: File `SKMBT_C36015030406051.jpg' not found on input line 2118.


! Package pdftex.def Error: File `SKMBT_C36015030406051.jpg' not found.

See the pdftex.def package documentation for explanation.
Type  H <return>  for immediate help.
 ...                                              
                                                  
l.2118 ...s[width=90pt]{SKMBT_C36015030406051.jpg}
                                                  
Using draft setting for this image.
Try typing  <return>  to proceed.
If that doesn't work, type  X <return>  to quit.


Overfull \hbox (9.02452pt too wide) in paragraph at lines 2118--2119
[]\OT1/cmr/m/n/12 Name : Ruchi Jain  [] 
 []


Package Fancyhdr Warning: \headheight is too small (12.0pt): 
 Make it at least 14.49998pt.
 We now make it that large for the rest of the document.
 This may cause the page layout to be inconsistent, however.

[93]

LaTeX Warning: File `zindagi.png' not found on input line 2131.


! Package pdftex.def Error: File `zindagi.png' not found.

See the pdftex.def package documentation for explanation.
Type  H <return>  for immediate help.
 ...                                              
                                                  
l.2131 ...includegraphics[width=90pt]{zindagi.png}
                                                  
Using draft setting for this image.
Try typing  <return>  to proceed.
If that doesn't work, type  X <return>  to quit.


Package natbib Warning: There were multiply defined citations.

Package atveryend Info: Empty hook `BeforeClearDocument' on input line 2143.

Package Fancyhdr Warning: \headheight is too small (12.0pt): 
 Make it at least 14.49998pt.
 We now make it that large for the rest of the document.
 This may cause the page layout to be inconsistent, however.

[94]
Package atveryend Info: Empty hook `AfterLastShipout' on input line 2143.
 (./Project.aux

Package natbib Warning: Citation(s) may have changed.
(natbib)                Rerun to get citations correct.

)
Package atveryend Info: Executing hook `AtVeryEndDocument' on input line 2143.
Package atveryend Info: Executing hook `AtEndAfterFileList' on input line 2143.



Package rerunfilecheck Warning: File `Project.out' has changed.
(rerunfilecheck)                Rerun to get outlines right
(rerunfilecheck)                or use package `bookmark'.

Package rerunfilecheck Info: Checksums for `Project.out':
(rerunfilecheck)             Before: 047A77395C8BBF8CB2A54E7792379A5E;7395
(rerunfilecheck)             After:  4228DD1D40EEF40B22ABC6B77DDE31A3;7292.
Package atveryend Info: Empty hook `AtVeryVeryEnd' on input line 2143.
 ) 
Here is how much of TeX's memory you used:
 10897 strings out of 495028
 157106 string characters out of 6181497
 270679 words of memory out of 5000000
 13519 multiletter control sequences out of 15000+600000
 12216 words of font info for 45 fonts, out of 8000000 for 9000
 14 hyphenation exceptions out of 8191
 37i,11n,43p,1134b,617s stack positions out of 5000i,500n,10000p,200000b,80000s
 </home/ronish/.texmf-var/fonts/pk/ljfour/jknappen/ec/tcrm1200.600pk></usr/sh
are/texlive/texmf-dist/fonts/type1/public/amsfonts/cm/cmbx10.pfb></usr/share/te
xlive/texmf-dist/fonts/type1/public/amsfonts/cm/cmbx12.pfb></usr/share/texlive/
texmf-dist/fonts/type1/public/amsfonts/cm/cmmi12.pfb></usr/share/texlive/texmf-
dist/fonts/type1/public/amsfonts/cm/cmr10.pfb></usr/share/texlive/texmf-dist/fo
nts/type1/public/amsfonts/cm/cmr12.pfb></usr/share/texlive/texmf-dist/fonts/typ
e1/public/amsfonts/cm/cmsy10.pfb></usr/share/texlive/texmf-dist/fonts/type1/pub
lic/amsfonts/cm/cmti10.pfb></usr/share/texlive/texmf-dist/fonts/type1/public/am
sfonts/cm/cmtt12.pfb>
Output written on Project.pdf (107 pages, 275664 bytes).
PDF statistics:
 1301 PDF objects out of 1440 (max. 8388607)
 1168 compressed objects within 12 object streams
 380 named destinations out of 1000 (max. 500000)
 830 words of extra memory for PDF output out of 10000 (max. 10000000)

